niigata2016IW2
　Creating ...
saitama2018IW2
　Creating ...
saga2016IW3
　Creating ...
chiba2017IW1A1
　Creating ...
mie2018IW1
　Creating ...
saga2015IW3
　Creating ...
hokkaido2016IW2
　Creating ...
niigata2017IW2
　Creating ...
niigata2018IW2
　Creating ...
chiba2017IW1A2
　Creating ...
hokkaido2017IW2
　Creating ...
niigata2017IW1
　Creating ...
niigata2018IW1
　Creating ...
chiba2016IW1A1
　Creating ...
chiba2016IW1A2
　Creating ...
niigata2016IW1
　Creating ...
chiba2016IW1A3
　Creating ...
chiba2016IW1A4
　Creating ...
saga2017IW3
　Creating ...
mie2016IW1
　Creating ...
mie2017IW1
　Creating ...
tokyo2016IW2
　Creating ...
ishikawa2016IW2
　Creating ...
aichi2016IW1
　Creating ...
tokyo2017IW2
　Creating ...
saitama2016IW2
　Creating ...
ishikawa2017IW2
　Creating ...
aichi2017IW1
　Creating ...
aichi2018IW1
　Creating ...
gifu2016IW1
　Creating ...
gifu2017IW1
　Creating ...
gifu2018IW1
　Creating ...
chiba2017IW1A3
　Creating ...
chiba2017IW1A4
　Creating ...
tokyo2018IW2
　Creating ...
yamagata2017IW1
　Creating ...
yamagata2018IW1
　Creating ...
yamanashi2017IW1
　Creating ...
yamanashi2018IW1
　Creating ...
