FileName: ibaraki2016IW2_0_202001072202
TRAIN score: [-2.76625   -0.6708777 -4.652518   1.5478128 -3.5443792 -3.3972504]
Pred  score: [-2.172071   -0.74443877 -1.6414521   1.7789743  -0.38982198  0.14347866]
GT    score: [-1.1 -1.8  3.3  0.4  0.4 -1.8]
1/282
FileName: ibaraki2016IW2_1_202001072202
TRAIN score: [-2.76625   -0.6708777 -4.652518   1.5478128 -3.5443792 -3.3972504]
Pred  score: [-0.4798978  -0.9305404  -1.4262689   1.5039966  -0.05770509 -0.97080445]
GT    score: [-1.1 -1.8  3.3  0.4  0.4 -1.8]
2/282
FileName: ibaraki2016IW2_2_202001072202
TRAIN score: [-2.76625   -0.6708777 -4.652518  -5.7472806  1.5478128 -3.5443792
 -9.532176   6.383032  -3.3972504]
Pred  score: [ 0.23469624 -0.2607643  -0.9867583  -0.13000798  0.9167917   0.10328378
 -1.5452825   0.39777562 -1.4203483 ]
GT    score: [-1.1 -1.8  3.3  1.4  0.4  0.4  2.1  2.2 -1.8]
3/282
FileName: ibaraki2016IW2_3_202001072202
TRAIN score: [-4.652518   -5.7472806   1.5478128  -3.5443792  -9.532176    6.383032
 -3.3972504   0.56429833]
Pred  score: [-1.5344659  -0.6884452   3.3540254  -0.05132731 -0.17758858  1.9775459
  0.33427942  1.7407316 ]
GT    score: [ 3.3  1.4  0.4  0.4  2.1  2.2 -1.8  3. ]
4/282
FileName: ibaraki2016IW2_4_202001072202
TRAIN score: [-2.76625   -0.6708777 -4.652518  -5.7472806  1.5478128 -3.5443792
 -9.532176  -3.3972504]
Pred  score: [ 0.13664894 -0.10630737 -1.0019461   0.45493338  2.0093074  -0.12839259
 -1.5031021  -0.44489825]
GT    score: [-1.1 -1.8  3.3  1.4  0.4  0.4  2.1 -1.8]
5/282
FileName: ibaraki2016IW2_5_202001072202
TRAIN score: [-2.76625   -0.6708777 -4.652518  -5.7472806  1.5478128 -3.5443792
 -9.532176  -3.3972504]
Pred  score: [ 0.5448067  -0.41247985 -1.2184455   0.20552722  2.112306   -0.18515769
 -1.2302742  -0.48039076]
GT    score: [-1.1 -1.8  3.3  1.4  0.4  0.4  2.1 -1.8]
6/282
FileName: ibaraki2016IW2_6_202001072202
TRAIN score: [-4.652518  -5.7472806  1.5478128 -3.5443792 -9.532176   6.383032
 -3.3972504]
Pred  score: [-1.0699133   0.17506099  2.1684394  -0.13874555 -1.1861289   0.34868053
 -0.6321421 ]
GT    score: [ 3.3  1.4  0.4  0.4  2.1  2.2 -1.8]
7/282
FileName: ibaraki2016IW2_7_202001072202
TRAIN score: [-4.652518   -5.7472806  -9.532176    6.383032    0.56429833  2.7008624 ]
Pred  score: [-1.4871465e+00 -9.7213197e-01  8.4262341e-05  1.6922482e+00
  8.8366306e-01  1.5926043e+00]
GT    score: [3.3 1.4 2.1 2.2 3.  1.4]
8/282
FileName: ibaraki2016IW2_8_202001072202
TRAIN score: [-2.76625   -0.6708777 -4.652518  -5.7472806  1.5478128 -3.5443792
 -9.532176  -3.3972504]
Pred  score: [ 0.42772192 -1.0306771  -1.2651532  -0.47046044  0.45251396 -0.08687882
 -1.7939906  -0.57771164]
GT    score: [-1.1 -1.8  3.3  1.4  0.4  0.4  2.1 -1.8]
9/282
FileName: ibaraki2016IW2_9_202001072202
TRAIN score: [-5.7472806   6.383032    0.56429833  2.7008624  -5.874085  ]
Pred  score: [-0.47659746  0.44201496  1.6165314   1.1851643  -0.3805143 ]
GT    score: [1.4 2.2 3.  1.4 1.5]
10/282
FileName: ibaraki2016IW2_10_202001072202
TRAIN score: [ 6.383032    0.56429833  2.7008624  -5.874085    2.876303  ]
Pred  score: [ 0.98062724  1.2496895   2.4628577  -0.14605132 -2.0431862 ]
GT    score: [2.2 3.  1.4 1.5 1.1]
11/282
FileName: ibaraki2016IW2_11_202001072202
TRAIN score: [  0.56429833   2.7008624   -5.874085     2.876303     1.217142
 -10.141038     0.81383765]
Pred  score: [ 1.2210996  2.513121  -0.3814206 -2.047234  -1.6611856 -2.3437927
 -1.8255382]
GT    score: [ 3.   1.4  1.5  1.1 -0.8 -2.8 -0.2]
12/282
FileName: ibaraki2016IW2_12_202001072202
TRAIN score: [  2.7008624   -5.874085     2.876303     1.217142   -10.141038
   0.81383765   2.2370026 ]
Pred  score: [ 2.791966  -0.7409297 -2.5084813 -2.0475626 -1.7621257 -1.0571204
 -2.5750382]
GT    score: [ 1.4  1.5  1.1 -0.8 -2.8 -0.2  1.5]
13/282
FileName: ibaraki2016IW2_13_202001072202
TRAIN score: [-5.874085    2.876303    1.217142    0.81383765  5.440885    2.2370026 ]
Pred  score: [-0.7831778 -2.368054  -1.5911763 -1.9048647 -2.7590227 -2.7954204]
GT    score: [ 1.5  1.1 -0.8 -0.2 -4.1  1.5]
14/282
FileName: ibaraki2016IW2_14_202001072202
TRAIN score: [ -5.874085     2.876303   -10.141038     0.81383765   2.2370026 ]
Pred  score: [-0.77226907 -0.94902205 -1.2602568  -0.04195894 -3.4243886 ]
GT    score: [ 1.5  1.1 -2.8 -0.2  1.5]
15/282
FileName: ibaraki2016IW2_15_202001072202
TRAIN score: [ 0.5200926 10.989612   6.2861695]
Pred  score: [-0.8392334  -2.6180992  -0.51786023]
GT    score: [-5.9 -4.7 -4.8]
16/282
FileName: ibaraki2016IW2_16_202001072202
TRAIN score: [ -5.874085     2.876303     1.217142   -10.141038     0.81383765
   2.2370026 ]
Pred  score: [-1.7268703  -1.0687155  -3.1048632  -1.1003708   0.29671484 -1.9304979 ]
GT    score: [ 1.5  1.1 -0.8 -2.8 -0.2  1.5]
17/282
FileName: ibaraki2016IW2_17_202001072202
TRAIN score: [ 0.5200926 10.989612   6.2861695]
Pred  score: [-1.7561158  -1.7747058  -0.94815993]
GT    score: [-5.9 -4.7 -4.8]
18/282
FileName: ibaraki2016IW2_18_202001072202
TRAIN score: [0.36697227 9.122421   6.351504  ]
Pred  score: [-0.36404952 -0.8234069  -4.5902977 ]
GT    score: [-8.9 -9.1 -7.4]
19/282
FileName: ibaraki2016IW2_19_202001072202
TRAIN score: [0.36697227 9.122421   5.440885   6.351504  ]
Pred  score: [-0.27667052 -1.2627292  -1.6786046  -5.012879  ]
GT    score: [-8.9 -9.1 -4.1 -7.4]
20/282
FileName: ibaraki2016IW2_20_202001072202
TRAIN score: [1.217142 9.122421 5.440885 6.351504]
Pred  score: [-2.3632903  -0.65501726 -2.496471   -5.6988325 ]
GT    score: [-0.8 -9.1 -4.1 -7.4]
21/282
FileName: ibaraki2016IW2_21_202001072202
TRAIN score: [  2.876303     1.217142   -10.141038     0.81383765   2.2370026 ]
Pred  score: [-2.6763766  -2.7429392  -1.4160024  -0.66771466 -3.7296185 ]
GT    score: [ 1.1 -0.8 -2.8 -0.2  1.5]
22/282
FileName: ibaraki2016IW2_22_202001072202
TRAIN score: [0.36697227 9.122421   5.440885   6.351504  ]
Pred  score: [ 0.03645625 -0.8562273  -2.643986   -4.7739143 ]
GT    score: [-8.9 -9.1 -4.1 -7.4]
23/282
FileName: ibaraki2016IW2_23_202001072202
TRAIN score: [ 0.5200926 10.989612   6.2861695 20.908947 ]
Pred  score: [-0.22804376 -4.3004746  -0.9998257  -1.4997886 ]
GT    score: [-5.9 -4.7 -4.8 -4.8]
24/282
FileName: ibaraki2016IW2_24_202001072202
TRAIN score: [ 6.2861695 20.908947  17.240576 ]
Pred  score: [-0.85039353 -0.4190512   1.7337109 ]
GT    score: [-4.8 -4.8 -5.8]
25/282
FileName: ibaraki2016IW2_25_202001072202
TRAIN score: [20.908947 17.240576 15.530024]
Pred  score: [-1.0690671  1.8413767 -1.7352105]
GT    score: [-4.8 -5.8 -3.5]
26/282
FileName: ibaraki2016IW2_26_202001072202
TRAIN score: [17.240576 15.530024 18.17923 ]
Pred  score: [ 0.19957289 -0.29291454  1.6983461 ]
GT    score: [-5.8 -3.5 -2.6]
27/282
FileName: ibaraki2016IW2_27_202001072202
TRAIN score: [15.530024 18.17923  30.21389 ]
Pred  score: [-0.4150582  1.8015951 -1.5372669]
GT    score: [-3.5 -2.6 -2.9]
28/282
FileName: ibaraki2016IW2_28_202001072202
TRAIN score: [18.17923  30.21389  40.029293]
Pred  score: [ 1.8158809  -0.94695014 -0.6527689 ]
GT    score: [-2.6 -2.9 -0.5]
29/282
FileName: ibaraki2016IW2_29_202001072202
TRAIN score: [30.21389  40.029293 24.987656]
Pred  score: [-0.7084876  -0.26032054 -5.164383  ]
GT    score: [-2.9 -0.5  4. ]
30/282
FileName: ibaraki2016IW2_30_202001072202
TRAIN score: [40.029293 24.987656 35.066647 14.927311]
Pred  score: [-1.7298939 -6.2349257 -0.695913  -2.0477798]
GT    score: [-0.5  4.   0.3 -1.5]
31/282
FileName: ibaraki2016IW2_31_202001072202
TRAIN score: [24.987656 35.066647 14.927311 34.95166  29.783102]
Pred  score: [-5.125835  -1.0909688 -1.7108129 -1.0565532 -4.3288913]
GT    score: [ 4.   0.3 -1.5 -1.9 -2.7]
32/282
FileName: ibaraki2016IW2_32_202001072202
TRAIN score: [24.987656 35.066647 14.927311 34.95166  29.783102]
Pred  score: [-4.7476892 -1.6325808 -1.0510052 -1.0489028 -3.4198315]
GT    score: [ 4.   0.3 -1.5 -1.9 -2.7]
33/282
FileName: ibaraki2016IW2_33_202001072202
TRAIN score: [35.066647 14.927311 34.95166  29.783102]
Pred  score: [-1.7353668 -1.6224872 -1.3542459 -2.531571 ]
GT    score: [ 0.3 -1.5 -1.9 -2.7]
34/282
FileName: ibaraki2016IW2_34_202001072202
TRAIN score: [ 1.4043249  3.0373416 -1.463577  10.165538  -8.789176 ]
Pred  score: [-2.1759377  -1.2973099  -0.2791923   0.22802913 -0.386778  ]
GT    score: [-1.1 -3.2 -1.8 -3.1 -4.9]
35/282
FileName: ibaraki2016IW2_35_202001072202
TRAIN score: [ 1.4043249  3.0373416 10.165538   2.4715815 -6.2202363]
Pred  score: [-0.5005692 -2.681637  -2.7149758 -0.8640995  1.5354941]
GT    score: [-1.1 -3.2 -3.1  0.1 -9.3]
36/282
FileName: ibaraki2016IW2_36_202001072202
TRAIN score: [35.066647  14.927311  34.95166   29.783102   7.2880225 19.621037
  7.18799  ]
Pred  score: [-0.39887875 -3.063475   -0.30948758 -1.984323    0.05047239  0.20260555
  2.9123895 ]
GT    score: [ 0.3 -1.5 -1.9 -2.7 -1.5 -3.5 -2.5]
37/282
FileName: ibaraki2016IW2_37_202001072202
TRAIN score: [ 1.4043249 -1.463577  -8.789176   6.038124 ]
Pred  score: [-2.5342774   0.9937243  -0.5247056   0.71368265]
GT    score: [-1.1 -1.8 -4.9 -4.1]
38/282
FileName: ibaraki2016IW2_38_202001072202
TRAIN score: [ 1.4043249  3.0373416 10.165538   2.4715815 -6.2202363]
Pred  score: [-1.38763    -2.596933   -1.4647329  -0.15456359  3.4112787 ]
GT    score: [-1.1 -3.2 -3.1  0.1 -9.3]
39/282
FileName: ibaraki2016IW2_39_202001072202
TRAIN score: [ 3.0373416 10.165538   2.4715815 -6.2202363 -2.0594237]
Pred  score: [-1.4461812   0.18405975  0.20910731  0.8393197  -1.0249139 ]
GT    score: [-3.2 -3.1  0.1 -9.3  2. ]
40/282
FileName: ibaraki2016IW2_40_202001072202
TRAIN score: [29.783102   7.2880225  7.18799   -3.1494133]
Pred  score: [-1.2931721  -0.1855138   3.9532626   0.10629009]
GT    score: [-2.7 -1.5 -2.5 -5.7]
41/282
FileName: ibaraki2016IW2_41_202001072202
TRAIN score: [ 3.0373416 10.165538   2.4715815 -6.2202363]
Pred  score: [-2.969155  -2.56037   -1.3732389  1.4071522]
GT    score: [-3.2 -3.1  0.1 -9.3]
42/282
FileName: ibaraki2016IW2_42_202001072202
TRAIN score: [ 1.4043249 -1.463577  -8.789176   6.038124 ]
Pred  score: [-0.835628    0.56860685 -1.5332826   1.1067109 ]
GT    score: [-1.1 -1.8 -4.9 -4.1]
43/282
FileName: ibaraki2016IW2_43_202001072202
TRAIN score: [29.783102 19.621037  7.18799  11.361884]
Pred  score: [-0.90069395 -0.5132936   2.7733953  -1.7475979 ]
GT    score: [-2.7 -3.5 -2.5 -0.8]
44/282
FileName: ibaraki2016IW2_44_202001072202
TRAIN score: [ 2.4715815 -2.0594237 11.364037 ]
Pred  score: [ 0.18153653 -0.9660449   0.361662  ]
GT    score: [0.1 2.  1. ]
45/282
FileName: ibaraki2016IW2_45_202001072202
TRAIN score: [29.783102   7.2880225 19.621037   7.18799   -3.1494133]
Pred  score: [-0.41051602 -1.1035771  -0.9259083   3.7576385   0.9308465 ]
GT    score: [-2.7 -1.5 -3.5 -2.5 -5.7]
46/282
FileName: ibaraki2016IW2_46_202001072202
TRAIN score: [ 5.8128037 11.361884 ]
Pred  score: [ 0.1355291  -0.59202194]
GT    score: [ 2.4 -0.8]
47/282
FileName: ibaraki2016IW2_47_202001072202
TRAIN score: [-2.0594237 11.364037  -3.1494133]
Pred  score: [-1.0892419  -0.33142972 -1.8434541 ]
GT    score: [ 2.   1.  -5.7]
48/282
FileName: ibaraki2016IW2_48_202001072202
TRAIN score: [ 7.2880225  7.18799   11.364037  -3.1494133]
Pred  score: [ 1.3007764   2.110025   -3.2977915   0.70628446]
GT    score: [-1.5 -2.5  1.  -5.7]
49/282
FileName: ibaraki2016IW2_49_202001072202
TRAIN score: [ -2.1396842   3.8851216 -10.219129 ]
Pred  score: [ 0.09308578 -2.6414473  -3.74113   ]
GT    score: [-6.6 -6.1 -6.8]
50/282
FileName: ibaraki2016IW2_50_202001072202
TRAIN score: [-1.463577  -8.789176   6.038124  -4.0044293]
Pred  score: [-0.1266309  -2.005594    0.39013436  2.9842947 ]
GT    score: [-1.8 -4.9 -4.1  8.5]
51/282
FileName: ibaraki2016IW2_51_202001072202
TRAIN score: [ 6.038124  -4.0044293 -6.284452 ]
Pred  score: [1.260999   0.96928006 0.27668458]
GT    score: [-4.1  8.5 -9.7]
52/282
FileName: ibaraki2016IW2_52_202001072202
TRAIN score: [19.621037   5.8128037 11.361884 ]
Pred  score: [-0.01551402  0.45143047 -0.83989453]
GT    score: [-3.5  2.4 -0.8]
53/282
FileName: ibaraki2016IW2_53_202001072202
TRAIN score: [ 0.02411081 -9.683277    3.8851216 ]
Pred  score: [-2.8712041   0.72151875 -4.533185  ]
GT    score: [-7.3 -8.8 -6.1]
54/282
FileName: ibaraki2016IW2_54_202001072202
TRAIN score: [ 0.02411081 -9.683277  ]
Pred  score: [-2.4205642  2.272306 ]
GT    score: [-7.3 -8.8]
55/282
FileName: ibaraki2016IW2_55_202001072202
TRAIN score: [ -2.1396842    0.02411081   3.8851216  -10.219129     0.78935754]
Pred  score: [ 0.08388437 -2.7093449  -2.3070514  -3.6951768   4.801236  ]
GT    score: [-6.6 -7.3 -6.1 -6.8 -4. ]
56/282
FileName: ibaraki2016IW2_56_202001072202
TRAIN score: [-4.0044293 -6.284452  13.837047 ]
Pred  score: [2.404922   0.634889   0.76472425]
GT    score: [  8.5  -9.7 -11.5]
57/282
FileName: ibaraki2016IW2_57_202001072202
TRAIN score: [ -2.1396842    3.8851216  -10.219129     0.78935754   7.5232115
   9.946612  ]
Pred  score: [ 0.11840156 -4.5813565  -1.7925347   3.2617397  -1.0882096   0.13901122]
GT    score: [-6.6 -6.1 -6.8 -4.  -6.2 -6.3]
58/282
FileName: ibaraki2016IW2_58_202001072202
TRAIN score: [  3.8851216  -10.219129     0.78935754   7.5232115    9.946612  ]
Pred  score: [-2.440423  -3.3227396  4.5359616 -4.003096  -2.207221 ]
GT    score: [-6.1 -6.8 -4.  -6.2 -6.3]
59/282
FileName: ibaraki2016IW2_59_202001072202
TRAIN score: [-6.284452   13.837047    0.29757035 -6.2608433  -5.401792  ]
Pred  score: [ 0.5173324   0.8210394   0.10840905 -4.1071277  -0.17587987]
GT    score: [ -9.7 -11.5 -12.  -14.6 -16.6]
60/282
FileName: ibaraki2016IW2_60_202001072202
TRAIN score: [-9.921952]
Pred  score: [1.5688063]
GT    score: [-10.4]
61/282
FileName: ibaraki2016IW2_61_202001072202
TRAIN score: [13.837047    0.29757035 -6.2608433  -5.401792  ]
Pred  score: [ 0.86050737 -0.06725451 -4.8886614  -0.31123045]
GT    score: [-11.5 -12.  -14.6 -16.6]
62/282
FileName: ibaraki2016IW2_62_202001072202
TRAIN score: [25.263294]
Pred  score: [-3.7009146]
GT    score: [-4.]
63/282
FileName: ibaraki2016IW2_63_202001072202
TRAIN score: [-10.219129     0.78935754   7.5232115    9.946612    10.708571  ]
Pred  score: [-0.9277939  4.211679  -1.007296  -1.3180845 -0.520962 ]
GT    score: [ -6.8  -4.   -6.2  -6.3 -14.8]
64/282
FileName: ibaraki2016IW2_64_202001072202
TRAIN score: [-10.219129     0.78935754   7.5232115    9.946612    10.708571
   2.4201648 ]
Pred  score: [-2.6573744  4.2805753 -0.932438  -1.4468167 -0.4869295  0.4425026]
GT    score: [ -6.8  -4.   -6.2  -6.3 -14.8  -8. ]
65/282
FileName: ibaraki2016IW2_65_202001072202
TRAIN score: [13.837047    0.29757035 -6.2608433  -5.401792  ]
Pred  score: [ 0.6897561 -0.0799567 -4.4773946 -0.660075 ]
GT    score: [-11.5 -12.  -14.6 -16.6]
66/282
FileName: ibaraki2016IW2_66_202001072202
TRAIN score: [13.837047    0.29757035 -6.2608433  -5.401792  ]
Pred  score: [ 0.5667276  1.1083837 -4.7995653 -0.5942078]
GT    score: [-11.5 -12.  -14.6 -16.6]
67/282
FileName: ibaraki2016IW2_67_202001072202
TRAIN score: [ 7.5232115  9.946612  10.708571   2.4201648  2.157907 ]
Pred  score: [-1.7860082 -1.1190511 -0.7660429  4.2419176  0.5088931]
GT    score: [ -6.2  -6.3 -14.8  -8.  -11.5]
68/282
FileName: ibaraki2016IW2_68_202001072202
TRAIN score: [-22.78264    -8.349779  -22.044012   -4.9844317 -24.680786 ]
Pred  score: [-2.632965   -1.7483233  -3.7761228   0.1554374   0.26685393]
GT    score: [-13.  -11.2 -12.4  -8.7 -12.3]
69/282
FileName: ibaraki2016IW2_69_202001072202
TRAIN score: [-22.78264    -8.349779    2.4201648  -4.9844317]
Pred  score: [-2.3782344 -2.6660411  4.299215  -0.5693308]
GT    score: [-13.  -11.2  -8.   -8.7]
70/282
FileName: ibaraki2016IW2_70_202001072202
TRAIN score: [ 9.946612  10.708571  -8.349779   2.4201648  2.157907  -1.2441686]
Pred  score: [-2.5343888 -2.4018264 -3.1180382  4.749405   1.0847439 -1.1817077]
GT    score: [ -6.3 -14.8 -11.2  -8.  -11.5 -10.1]
71/282
FileName: ibaraki2016IW2_71_202001072202
TRAIN score: [10.126962]
Pred  score: [0.58286095]
GT    score: [-5.2]
72/282
FileName: ibaraki2016IW2_72_202001072202
TRAIN score: [-22.78264   -22.044012   -4.9844317 -24.680786   -8.70784    -3.1098819
 -13.264419 ]
Pred  score: [-2.4786491e+00 -3.5656612e+00  2.7472712e-03 -1.2234647e+00
 -3.3031185e+00  6.8481594e-02 -2.9129164e+00]
GT    score: [-13.  -12.4  -8.7 -12.3 -12.4  -8.1 -13.7]
73/282
FileName: ibaraki2016IW2_73_202001072202
TRAIN score: [10.708571   2.4201648  2.157907  -1.2441686  8.402801 ]
Pred  score: [-1.8848711  3.3769119  1.0753317 -1.8997161 -0.9013649]
GT    score: [-14.8  -8.  -11.5 -10.1  -9.1]
74/282
FileName: ibaraki2016IW2_74_202001072202
TRAIN score: [-22.78264    -8.349779  -22.044012   -4.9844317 -24.680786   -3.1098819
 -10.564104 ]
Pred  score: [-3.8411214  -2.7397919  -2.386685   -0.29779953 -0.34561563  0.05931208
 -3.2156308 ]
GT    score: [-13.  -11.2 -12.4  -8.7 -12.3  -8.1  -8.1]
75/282
FileName: ibaraki2016IW2_75_202001072202
TRAIN score: [-22.78264   -22.044012   -4.9844317 -24.680786   -8.70784    -3.1098819
 -13.264419  -10.564104   -3.5053818  -2.3996115]
Pred  score: [-3.110227   -2.4731076  -0.0599218   0.5584047  -5.8068876   0.10699788
 -3.9693213  -1.017681   -0.5696176  -0.04269767]
GT    score: [-13.  -12.4  -8.7 -12.3 -12.4  -8.1 -13.7  -8.1 -10.8  -9.4]
76/282
FileName: ibaraki2016IW2_76_202001072202
TRAIN score: [ 2.4201648  2.157907  -1.2441686  8.402801 ]
Pred  score: [ 5.109067    0.10208344 -1.8812902  -1.5100188 ]
GT    score: [ -8.  -11.5 -10.1  -9.1]
77/282
FileName: ibaraki2016IW2_77_202001072202
TRAIN score: [ 1.3692778 -9.401839 ]
Pred  score: [-0.04929686  0.8311012 ]
GT    score: [-0.4  1.3]
78/282
FileName: ibaraki2016IW2_78_202001072202
TRAIN score: [-22.044012  -24.680786   -8.70784    -3.1098819 -13.264419  -10.564104
  -3.5053818  -2.3996115   8.945249    0.6755802]
Pred  score: [-1.5060576   0.5912131  -5.7439137   0.01595848 -4.5957937  -0.8814455
 -0.46520093 -0.37968597 -1.5571085  -0.29563454]
GT    score: [-12.4 -12.3 -12.4  -8.1 -13.7  -8.1 -10.8  -9.4  -9.8  -9.8]
79/282
FileName: ibaraki2016IW2_79_202001072202
TRAIN score: [-22.044012   -4.9844317 -24.680786   -8.70784    -3.1098819 -13.264419
 -10.564104   -3.5053818  -2.3996115   8.945249    0.6755802]
Pred  score: [-1.6975852e+00  2.3682019e-01  7.2659564e-01 -5.6501303e+00
  1.7051958e-03 -4.7380581e+00 -9.7472364e-01 -4.2866659e-01
 -2.6707035e-01 -1.5549734e+00 -2.2914930e-01]
GT    score: [-12.4  -8.7 -12.3 -12.4  -8.1 -13.7  -8.1 -10.8  -9.4  -9.8  -9.8]
80/282
FileName: ibaraki2016IW2_80_202001072202
TRAIN score: [-22.044012  -24.680786   -8.70784    -3.1098819 -13.264419   -3.5053818
  -2.3996115   8.945249    0.6755802]
Pred  score: [-2.7748945   0.3999795  -3.3950436   0.07516243 -4.20717    -0.7444542
 -0.09784092 -2.9126067  -0.15457878]
GT    score: [-12.4 -12.3 -12.4  -8.1 -13.7 -10.8  -9.4  -9.8  -9.8]
81/282
FileName: ibaraki2016IW2_81_202001072202
TRAIN score: [  2.157907   -1.2441686   8.402801   -7.8126426 -10.486997 ]
Pred  score: [ 0.11076336 -1.3727547  -2.1094494  -0.53215027 -2.0943923 ]
GT    score: [-11.5 -10.1  -9.1 -10.1 -10.1]
82/282
FileName: ibaraki2016IW2_82_202001072202
TRAIN score: [ -4.9844317 -24.680786   -8.70784    -3.1098819 -10.564104   -3.5053818
  -2.3996115   8.945249    0.6755802 -10.486997  -11.978645 ]
Pred  score: [-0.20388217  0.88960654 -2.1080513  -0.02087105 -0.68979484 -0.37688175
 -0.1792247  -1.7616252  -0.20348072 -0.25623703 -0.5974185 ]
GT    score: [ -8.7 -12.3 -12.4  -8.1  -8.1 -10.8  -9.4  -9.8  -9.8 -10.1  -8. ]
83/282
FileName: ibaraki2016IW2_83_202001072202
TRAIN score: [-24.680786   -8.70784    -3.1098819 -13.264419  -10.564104   -3.5053818
  -2.3996115   8.945249    0.6755802 -11.978645  -11.642425 ]
Pred  score: [ 7.4960411e-01 -5.4430833e+00  4.5185946e-03 -5.0306377e+00
 -5.0604945e-01 -4.5614141e-01 -1.2971228e-01 -9.1776049e-01
 -4.4383168e-01 -1.2068586e+00 -7.3352784e-02]
GT    score: [-12.3 -12.4  -8.1 -13.7  -8.1 -10.8  -9.4  -9.8  -9.8  -8.  -12.5]
84/282
FileName: ibaraki2016IW2_84_202001072202
TRAIN score: [5.087722]
Pred  score: [0.13513847]
GT    score: [-3.4]
85/282
FileName: ibaraki2016IW2_85_202001072202
TRAIN score: [-24.680786   -8.70784    -3.1098819 -13.264419  -10.564104   -3.5053818
  -2.3996115   8.945249    0.6755802 -11.978645  -11.642425 ]
Pred  score: [-0.08421552 -3.9255466   0.08270764 -4.316256   -0.6573289  -0.6251591
 -0.26765883 -2.3928394  -0.04909825 -1.8921295  -1.0661864 ]
GT    score: [-12.3 -12.4  -8.1 -13.7  -8.1 -10.8  -9.4  -9.8  -9.8  -8.  -12.5]
86/282
FileName: ibaraki2016IW2_86_202001072202
TRAIN score: [ -8.70784    -3.1098819 -13.264419  -10.564104   -3.5053818  -2.3996115
   8.945249    0.6755802 -11.978645  -11.642425   14.13385    -3.816445
  13.588769 ]
Pred  score: [-3.6001952e+00  6.6044912e-02 -4.9120650e+00 -8.0480635e-01
 -7.4553323e-01 -1.2086667e-03 -3.2316718e+00 -1.8460259e-01
 -2.4117596e+00 -8.4850705e-01  4.6446743e+00 -2.4583423e+00
 -8.9600287e-02]
GT    score: [-12.4  -8.1 -13.7  -8.1 -10.8  -9.4  -9.8  -9.8  -8.  -12.5 -10.9  -8.7
  -7.4]
87/282
FileName: ibaraki2016IW2_87_202001072202
TRAIN score: [ -8.70784    -3.1098819 -13.264419  -10.564104   -3.5053818  -2.3996115
   8.945249    0.6755802 -11.978645  -11.642425   14.13385    -3.816445
  13.588769 ]
Pred  score: [-5.6080055   0.11203147 -5.4550347  -0.4370898  -0.42446506 -0.17044291
 -0.44205818 -0.34461635 -1.0237395  -0.8698169   3.2263608  -3.4051232
 -1.0398314 ]
GT    score: [-12.4  -8.1 -13.7  -8.1 -10.8  -9.4  -9.8  -9.8  -8.  -12.5 -10.9  -8.7
  -7.4]
88/282
FileName: ibaraki2016IW2_88_202001072202
TRAIN score: [  1.3692778  -9.401839  -21.171995 ]
Pred  score: [-0.07909483 -0.24111581 -2.5856688 ]
GT    score: [-0.4  1.3  2.7]
89/282
FileName: ibaraki2016IW2_89_202001072202
TRAIN score: [  8.402801   -7.8126426 -10.486997   14.13385  ]
Pred  score: [-5.8104634  -0.23531494 -0.4500599   2.7381063 ]
GT    score: [ -9.1 -10.1 -10.1 -10.9]
90/282
FileName: ibaraki2016IW2_90_202001072202
TRAIN score: [  8.402801  -10.564104   -7.8126426 -10.486997   14.13385  ]
Pred  score: [-3.1436193 -0.118491  -0.3514751 -2.114486   4.3523192]
GT    score: [ -9.1  -8.1 -10.1 -10.1 -10.9]
91/282
FileName: ibaraki2016IW2_91_202001072202
TRAIN score: [-7.6957507]
Pred  score: [-1.6471236]
GT    score: [-1.5]
92/282
FileName: ibaraki2016IW2_92_202001072202
TRAIN score: [-10.564104   -3.5053818  -2.3996115   8.945249    0.6755802 -11.978645
 -11.642425   -3.816445   13.588769   13.835294 ]
Pred  score: [-0.78184956 -0.31084272 -0.2916889  -1.5124978  -0.3728291  -1.2554103
 -0.68277365 -3.8032267  -0.92719936 -1.974685  ]
GT    score: [ -8.1 -10.8  -9.4  -9.8  -9.8  -8.  -12.5  -8.7  -7.4 -10.8]
93/282
FileName: ibaraki2016IW2_93_202001072202
TRAIN score: [ -3.5053818  -2.3996115   8.945249    0.6755802 -11.978645  -11.642425
  -3.816445   13.588769 ]
Pred  score: [ 0.23332408 -0.31444272 -2.6025271  -0.16646692 -2.2205694  -1.2775156
 -2.44725    -0.15089537]
GT    score: [-10.8  -9.4  -9.8  -9.8  -8.  -12.5  -8.7  -7.4]
94/282
FileName: ibaraki2016IW2_94_202001072202
TRAIN score: [ -9.401839 -21.171995  -7.259734 -13.805259 -15.399106]
Pred  score: [-0.91894597 -4.0655885  -1.9401547   3.106754   -0.04075202]
GT    score: [ 1.3  2.7  2.2 -2.1 -2.2]
95/282
FileName: ibaraki2016IW2_95_202001072202
TRAIN score: [  8.945249     0.6755802   -7.8126426  -10.486997    14.13385
  13.588769    13.835294     0.43700403]
Pred  score: [-1.7071824  -0.3135947   0.07317249 -0.98806     3.9287412  -0.24354768
 -2.5742278  -0.08919411]
GT    score: [ -9.8  -9.8 -10.1 -10.1 -10.9  -7.4 -10.8  -7.4]
96/282
FileName: ibaraki2016IW2_96_202001072202
TRAIN score: [  8.945249     0.6755802  -11.978645   -11.642425    -3.816445
  13.588769     0.43700403   1.4702101 ]
Pred  score: [-4.4642224  -0.3661162  -2.479115   -1.1023395  -3.5477436   0.05807879
 -0.2580358  -0.25176656]
GT    score: [ -9.8  -9.8  -8.  -12.5  -8.7  -7.4  -7.4  -7.8]
97/282
FileName: ibaraki2016IW2_97_202001072202
TRAIN score: [  8.945249     0.6755802  -11.978645   -11.642425    14.13385
  -3.816445    13.588769    13.835294     0.43700403   1.4702101
   5.6545396 ]
Pred  score: [-1.7531114  -0.36457694 -1.1620789  -0.74204737  2.3192365  -4.613176
 -0.34172398 -2.2273486  -0.6914534  -0.4969948  -3.259192  ]
GT    score: [ -9.8  -9.8  -8.  -12.5 -10.9  -8.7  -7.4 -10.8  -7.4  -7.8 -10.5]
98/282
FileName: ibaraki2016IW2_98_202001072202
TRAIN score: [ -7.6957507  -7.259734  -22.047873 ]
Pred  score: [ 0.8949245  -0.30899996  1.2933849 ]
GT    score: [-1.5  2.2 -0.8]
99/282
FileName: ibaraki2016IW2_99_202001072202
TRAIN score: [-21.171995   -7.6957507  -7.259734  -15.399106  -22.047873 ]
Pred  score: [-5.1508713  -0.1596996  -1.8530426  -0.06310775  0.8183037 ]
GT    score: [ 2.7 -1.5  2.2 -2.2 -0.8]
100/282
FileName: ibaraki2016IW2_100_202001072202
TRAIN score: [ -5.533892 -12.31696  -14.354287]
Pred  score: [ 0.32161516  1.0278027  -2.6072273 ]
GT    score: [-10.4 -13.4  -7.7]
101/282
FileName: ibaraki2016IW2_101_202001072202
TRAIN score: [-21.171995 -13.805259 -15.399106 -18.912209]
Pred  score: [-5.18159     3.7537115   0.31722867 -2.999606  ]
GT    score: [ 2.7 -2.1 -2.2 -2.4]
102/282
FileName: ibaraki2016IW2_102_202001072202
TRAIN score: [-11.978645    14.13385     13.588769    13.835294     0.43700403
   5.6545396   13.397814    -3.8740897    5.750114  ]
Pred  score: [-2.6796644   2.008067   -0.02904805 -4.1198406  -0.27680194 -2.103301
 -3.4942834   0.05882424 -0.84080523]
GT    score: [ -8.  -10.9  -7.4 -10.8  -7.4 -10.5 -10.5  -8.8  -8.7]
103/282
FileName: ibaraki2016IW2_103_202001072202
TRAIN score: [-21.171995  -7.259734 -13.805259 -15.399106 -22.047873]
Pred  score: [-6.880818   -1.3711748   3.2993004   0.33443806  0.53937036]
GT    score: [ 2.7  2.2 -2.1 -2.2 -0.8]
104/282
FileName: ibaraki2016IW2_104_202001072202
TRAIN score: [ 14.13385     -3.816445    13.588769    13.835294     0.43700403
   1.4702101    5.6545396   -3.8740897    5.750114   -17.75446
   1.0526432    0.2362101   22.18519   ]
Pred  score: [ 0.7041395  -4.96521    -0.65223074 -2.8785164  -0.5222171  -0.2599305
 -3.5523012  -2.1913276  -1.2220143  -0.05134515  0.0185817  -0.30530062
  0.3192671 ]
GT    score: [-10.9  -8.7  -7.4 -10.8  -7.4  -7.8 -10.5  -8.8  -8.7  -8.5 -10.7 -10.5
 -11. ]
105/282
FileName: ibaraki2016IW2_105_202001072202
TRAIN score: [ -5.533892 -12.31696  -34.799896]
Pred  score: [ 0.11602116  0.63707554 -3.035146  ]
GT    score: [-10.4 -13.4 -12.1]
106/282
FileName: ibaraki2016IW2_106_202001072202
TRAIN score: [-18.178358 -34.799896 -12.952537]
Pred  score: [-1.7982305  -5.1620417  -0.89890635]
GT    score: [ -7.1 -12.1 -10.5]
107/282
FileName: ibaraki2016IW2_107_202001072202
TRAIN score: [-13.805259 -18.912209]
Pred  score: [ 2.385029  -1.1313516]
GT    score: [-2.1 -2.4]
108/282
FileName: ibaraki2016IW2_108_202001072202
TRAIN score: [ -3.816445    13.588769     0.43700403   1.4702101   -3.8740897
   5.750114   -17.75446      1.0526432    0.2362101   22.18519
  16.569942     1.6847631   13.111564  ]
Pred  score: [-5.3123517  -0.2180164  -0.6605439  -0.29966983 -1.968449   -1.4305521
  0.629923    0.02242762 -0.08716422  0.2694274  -3.6522453  -2.0838132
 -4.0618587 ]
GT    score: [ -8.7  -7.4  -7.4  -7.8  -8.8  -8.7  -8.5 -10.7 -10.5 -11.  -12.1  -9.8
 -12. ]
109/282
FileName: ibaraki2016IW2_109_202001072202
TRAIN score: [ -5.533892 -14.354287]
Pred  score: [ 0.61463004 -1.7249911 ]
GT    score: [-10.4  -7.7]
110/282
FileName: ibaraki2016IW2_110_202001072202
TRAIN score: [ -7.6957507  -7.259734  -15.399106  -22.047873 ]
Pred  score: [ 1.660124   -1.3315152   0.41455546  0.64618945]
GT    score: [-1.5  2.2 -2.2 -0.8]
111/282
FileName: ibaraki2016IW2_111_202001072202
TRAIN score: [13.588769   13.835294    0.43700403  5.6545396  13.397814    5.750114
  4.315381    1.0526432  22.18519    16.569942   22.519669   13.111564  ]
Pred  score: [ 0.11400005 -4.47127    -0.26764166 -1.9430952  -3.2648048  -1.3502781
 -2.9293358   0.01683079 -1.1954799  -4.174117   -0.4474464   0.41310906]
GT    score: [ -7.4 -10.8  -7.4 -10.5 -10.5  -8.7 -11.3 -10.7 -11.  -12.1 -10.  -12. ]
112/282
FileName: ibaraki2016IW2_112_202001072202
TRAIN score: [-12.31696  -18.178358 -34.799896]
Pred  score: [ 0.93735284 -4.537806   -3.9480836 ]
GT    score: [-13.4  -7.1 -12.1]
113/282
FileName: ibaraki2016IW2_113_202001072202
TRAIN score: [-18.178358 -12.952537 -23.623758]
Pred  score: [-4.819635    0.14088625 -2.1854243 ]
GT    score: [ -7.1 -10.5  -9.3]
114/282
FileName: ibaraki2016IW2_114_202001072202
TRAIN score: [13.835294   5.6545396 13.397814   5.750114   4.315381  22.18519
 16.569942  22.519669  13.111564  28.071714 ]
Pred  score: [-3.488364   -1.8373202  -3.5169294  -0.9753218  -4.1836243  -0.6514667
 -4.2652936  -0.62495977  0.20691201 -1.359339  ]
GT    score: [-10.8 -10.5 -10.5  -8.7 -11.3 -11.  -12.1 -10.  -12.   -7.5]
115/282
FileName: ibaraki2016IW2_115_202001072202
TRAIN score: [ 13.835294     0.43700403   1.4702101   -3.8740897    5.750114
 -17.75446      1.0526432    0.2362101   22.18519     16.569942
   1.6847631   13.111564     6.8842173 ]
Pred  score: [-3.546881   -0.22191302 -0.20222263 -0.17283183 -1.374935    1.3263363
 -0.2900922  -0.7689084  -0.06415871 -4.3195086  -3.981493    0.09411944
 -1.0755283 ]
GT    score: [-10.8  -7.4  -7.8  -8.8  -8.7  -8.5 -10.7 -10.5 -11.  -12.1  -9.8 -12.
 -12.4]
116/282
FileName: ibaraki2016IW2_116_202001072202
TRAIN score: [ 13.835294     0.43700403   1.4702101    5.6545396   13.397814
  -3.8740897    5.750114     4.315381   -17.75446      1.0526432
   0.2362101   22.18519     16.569942    22.519669     1.6847631
  13.111564     6.8842173 ]
Pred  score: [-3.1270156  -0.19079031 -0.06376581 -2.3083577  -3.9961696  -2.3048124
 -1.1398488  -1.888347    1.0624461  -0.16097274 -0.13930568 -0.79771966
 -4.5923524  -0.9362115  -1.2040378  -2.9795775   0.07927974]
GT    score: [-10.8  -7.4  -7.8 -10.5 -10.5  -8.8  -8.7 -11.3  -8.5 -10.7 -10.5 -11.
 -12.1 -10.   -9.8 -12.  -12.4]
117/282
FileName: ibaraki2016IW2_117_202001072202
TRAIN score: [-12.952537 -23.623758 -21.840694]
Pred  score: [ 1.0008459 -1.9321883 -1.1902974]
GT    score: [-10.5  -9.3  -7. ]
118/282
FileName: ibaraki2016IW2_118_202001072202
TRAIN score: [-23.623758 -21.840694 -24.051249 -22.956396]
Pred  score: [-1.298695   -1.2683468  -3.194811   -0.33316872]
GT    score: [-9.3 -7.  -7.6 -7.6]
119/282
FileName: ibaraki2016IW2_119_202001072202
TRAIN score: [ 5.6545396 13.397814   5.750114   4.315381  22.18519   16.569942
 22.519669  28.071714 ]
Pred  score: [-2.9780543 -3.595615  -1.8122208 -1.9862173 -0.0469096 -3.350045
 -2.284783  -1.4469578]
GT    score: [-10.5 -10.5  -8.7 -11.3 -11.  -12.1 -10.   -7.5]
120/282
FileName: ibaraki2016IW2_120_202001072202
TRAIN score: [  0.43700403   1.4702101   -3.8740897    5.750114   -17.75446
   1.0526432    0.2362101   16.569942     1.6847631   13.111564
   6.8842173 ]
Pred  score: [-0.11381988 -0.16615799 -0.20546947 -2.1249046   1.7071655  -0.3161583
 -0.5938965  -4.4147706  -3.0795403  -0.2772114  -1.2819844 ]
GT    score: [ -7.4  -7.8  -8.8  -8.7  -8.5 -10.7 -10.5 -12.1  -9.8 -12.  -12.4]
121/282
FileName: ibaraki2016IW2_121_202001072202
TRAIN score: [ 2.584472   0.6502702 -6.7690263 18.130861  27.702803  -2.2482533]
Pred  score: [-0.4160691   0.7670149  -0.01905663 -2.1321907  -1.8942196   0.28195322]
GT    score: [-8.1 -8.2 -8.5 -8.6 -8.4 -9.3]
122/282
FileName: ibaraki2016IW2_122_202001072202
TRAIN score: [-21.840694  -24.051249   -6.7690263 -22.956396 ]
Pred  score: [-0.98360324 -1.3591893   0.20411459 -0.67240375]
GT    score: [-7.  -7.6 -8.5 -7.6]
123/282
FileName: ibaraki2016IW2_123_202001072202
TRAIN score: [  0.43700403   1.4702101    5.6545396   -3.8740897    5.750114
 -17.75446      1.0526432    0.2362101   22.18519     16.569942
   1.6847631   13.111564     6.8842173 ]
Pred  score: [ 0.01246383 -0.02986606 -2.606482   -2.6768582  -2.344068    2.0054207
 -0.1997898  -0.11815128 -0.580333   -5.0578365  -0.46258366 -2.6302028
 -0.23313957]
GT    score: [ -7.4  -7.8 -10.5  -8.8  -8.7  -8.5 -10.7 -10.5 -11.  -12.1  -9.8 -12.
 -12.4]
124/282
FileName: ibaraki2016IW2_124_202001072202
TRAIN score: [ 2.584472   0.6502702 -6.7690263 18.130861  -2.2482533]
Pred  score: [-0.5682145   0.48997965  0.18873136 -1.8445369   0.26010048]
GT    score: [-8.1 -8.2 -8.5 -8.6 -9.3]
125/282
FileName: ibaraki2016IW2_125_202001072202
TRAIN score: [  0.43700403   1.4702101   -3.8740897    5.750114   -17.75446
   1.0526432    0.2362101   22.18519     16.569942     1.6847631
  13.111564     6.8842173    5.048132  ]
Pred  score: [ 0.38254568 -0.00684593 -0.19271559 -0.8068399   0.07997714 -0.23746884
 -0.14246222 -0.8509781  -4.9258523  -2.828043   -0.51926    -0.53249323
 -3.2063897 ]
GT    score: [ -7.4  -7.8  -8.8  -8.7  -8.5 -10.7 -10.5 -11.  -12.1  -9.8 -12.  -12.4
  -9.7]
126/282
FileName: ibaraki2016IW2_126_202001072202
TRAIN score: [ 0.43700403  1.4702101   5.6545396  13.397814   -3.8740897   5.750114
  4.315381    1.0526432   0.2362101  22.18519    16.569942   22.519669
  1.6847631  13.111564    6.8842173   5.048132  ]
Pred  score: [ 0.3451251  -0.10419264 -1.4573054  -2.819725   -0.18917494 -1.113173
 -4.5165734  -0.24519418  0.02085486 -0.39408383 -4.1289816  -0.8743379
 -2.2138932   0.06054746 -0.35243675 -2.0709164 ]
GT    score: [ -7.4  -7.8 -10.5 -10.5  -8.8  -8.7 -11.3 -10.7 -10.5 -11.  -12.1 -10.
  -9.8 -12.  -12.4  -9.7]
127/282
FileName: ibaraki2016IW2_127_202001072202
TRAIN score: [  2.584472  -24.051249    0.6502702  -6.7690263 -22.956396   -2.2482533]
Pred  score: [-1.4383072   0.09048864  0.37817696  0.10302988 -0.96319866  0.07481581]
GT    score: [-8.1 -7.6 -8.2 -8.5 -7.6 -9.3]
128/282
FileName: ibaraki2016IW2_128_202001072202
TRAIN score: [  1.4702101   5.6545396  13.397814   -3.8740897   5.750114    4.315381
 -17.75446     1.0526432   0.2362101  22.18519    16.569942   22.519669
   1.6847631  13.111564    6.8842173   5.048132 ]
Pred  score: [-0.1578348  -2.8202355  -3.5366316  -2.1410577  -1.1078984  -1.943421
  1.3924155   0.08230786 -0.13681547  0.05943474 -3.6283803  -2.3436785
 -2.8724952  -3.3363864  -0.55817515 -2.6347373 ]
GT    score: [ -7.8 -10.5 -10.5  -8.8  -8.7 -11.3  -8.5 -10.7 -10.5 -11.  -12.1 -10.
  -9.8 -12.  -12.4  -9.7]
129/282
FileName: ibaraki2016IW2_129_202001072202
TRAIN score: [ 2.584472   0.6502702 18.130861  27.702803  -2.2482533 35.931847 ]
Pred  score: [-1.5875605   0.46224043 -1.2991506  -2.4733949   0.19340393 -0.14352117]
GT    score: [-8.1 -8.2 -8.6 -8.4 -9.3 -7.1]
130/282
FileName: ibaraki2016IW2_130_202001072202
TRAIN score: [-21.840694  -24.051249   -6.7690263 -22.956396 ]
Pred  score: [-1.0644182 -2.9370134  0.1126188 -0.5376448]
GT    score: [-7.  -7.6 -8.5 -7.6]
131/282
FileName: ibaraki2016IW2_131_202001072202
TRAIN score: [ 5.6545396 13.397814   5.750114   4.315381  22.18519   16.569942
 22.519669  28.071714 ]
Pred  score: [-1.4039083  -2.5441036  -1.0208836  -2.7726932  -0.75635153 -5.110005
 -0.9454372  -2.1425917 ]
GT    score: [-10.5 -10.5  -8.7 -11.3 -11.  -12.1 -10.   -7.5]
132/282
FileName: ibaraki2016IW2_132_202001072202
TRAIN score: [  1.4702101  -3.8740897   5.750114  -17.75446     1.0526432   0.2362101
  22.18519    16.569942    1.6847631  13.111564    6.8842173   5.048132 ]
Pred  score: [-0.17702712 -0.19403891 -2.09441     1.7243738  -0.2982193  -0.47014725
 -0.05834164 -4.699071   -3.0371325  -0.26053044 -1.184305   -1.4418095 ]
GT    score: [ -7.8  -8.8  -8.7  -8.5 -10.7 -10.5 -11.  -12.1  -9.8 -12.  -12.4  -9.7]
133/282
FileName: ibaraki2016IW2_133_202001072202
TRAIN score: [ 2.584472 18.130861 27.702803 33.6432   35.931847]
Pred  score: [-2.099982   -2.7059343  -1.239333    0.59295374  0.22298852]
GT    score: [-8.1 -8.6 -8.4 -7.8 -7.1]
134/282
FileName: ibaraki2016IW2_134_202001072202
TRAIN score: [ 2.584472   0.6502702 -6.7690263 18.130861  -2.2482533]
Pred  score: [-1.6297169   0.3757998   0.04290337 -1.2339451   0.10601857]
GT    score: [-8.1 -8.2 -8.5 -8.6 -9.3]
135/282
FileName: ibaraki2016IW2_135_202001072202
TRAIN score: [  1.4702101   5.6545396  13.397814   -3.8740897   5.750114  -17.75446
   1.0526432   0.2362101  22.18519    16.569942    1.6847631  13.111564
   6.8842173   5.048132 ]
Pred  score: [-0.20900558 -1.1552746  -2.0897493  -0.21882495 -1.398369    1.447007
 -0.3152339  -0.69379133  0.2142984  -5.0111203  -3.6121843   0.09269662
 -0.6894096  -0.8015683 ]
GT    score: [ -7.8 -10.5 -10.5  -8.8  -8.7  -8.5 -10.7 -10.5 -11.  -12.1  -9.8 -12.
 -12.4  -9.7]
136/282
FileName: ibaraki2016IW2_136_202001072202
TRAIN score: [27.702803 33.6432   28.071714 35.931847]
Pred  score: [-1.7613544  -0.01475384 -1.3060555   0.55937344]
GT    score: [-8.4 -7.8 -7.5 -7.1]
137/282
FileName: ibaraki2016IW2_137_202001072202
TRAIN score: [13.397814  4.315381 22.519669 33.6432   28.071714 35.931847]
Pred  score: [-2.4448955  -2.403811   -0.6859557   0.24071369 -2.1219606   0.5845537 ]
GT    score: [-10.5 -11.3 -10.   -7.8  -7.5  -7.1]
138/282
FileName: ibaraki2016IW2_138_202001072202
TRAIN score: [18.130861 27.702803 33.6432   28.071714 35.931847]
Pred  score: [-2.726193  -1.2122658  0.5474196 -2.2287965  0.37694  ]
GT    score: [-8.6 -8.4 -7.8 -7.5 -7.1]
139/282
FileName: ibaraki2016IW2_139_202001072202
TRAIN score: [ -3.8740897   5.750114  -17.75446     1.0526432   0.2362101  22.18519
  16.569942    1.6847631  13.111564    6.8842173   5.048132 ]
Pred  score: [-0.21306619 -1.1280075   0.2195583  -0.23794995  0.11802767 -0.66899234
 -4.8733006  -3.3609655  -0.38313344 -0.6378837  -1.2782351 ]
GT    score: [ -8.8  -8.7  -8.5 -10.7 -10.5 -11.  -12.1  -9.8 -12.  -12.4  -9.7]
140/282
FileName: ibaraki2016IW2_140_202001072202
TRAIN score: [ 0.2362101 22.18519   16.569942   1.6847631 13.111564   6.8842173
  5.048132 ]
Pred  score: [-0.6099977   0.65210056 -5.353788   -3.3002303  -0.52943724 -0.6833723
 -0.82875437]
GT    score: [-10.5 -11.  -12.1  -9.8 -12.  -12.4  -9.7]
141/282
FileName: ibaraki2017IW2_0_202001072202
TRAIN score: [ 7.105974    5.4972863   2.9665022  -0.67962825  2.4567912   2.8807287 ]
Pred  score: [ 0.29149964 -1.8967094   0.06647404  1.0478247   0.38101962 -2.1808274 ]
GT    score: [ 0.5 -1.1 -2.4 -3.2 -3.  -0.6]
142/282
FileName: ibaraki2017IW2_1_202001072202
TRAIN score: [ 7.105974    5.4972863   2.9665022  -0.67962825  2.4567912   2.8807287 ]
Pred  score: [ 0.19890994 -2.7272022   0.02513654  0.3125642  -0.06715539 -0.96802133]
GT    score: [ 0.5 -1.1 -2.4 -3.2 -3.  -0.6]
143/282
FileName: ibaraki2017IW2_2_202001072202
TRAIN score: [ 7.105974    5.4972863   2.9665022  -2.9769597  -0.67962825  2.4567912
  1.4458445   4.398511    2.8807287 ]
Pred  score: [ 0.39586958 -2.2339714   0.01315312 -0.14244594  0.55296165  0.18097125
  0.25474894  0.39909145 -3.4198024 ]
GT    score: [ 0.5 -1.1 -2.4 -2.6 -3.2 -3.  -2.4 -3.1 -0.6]
144/282
FileName: ibaraki2017IW2_3_202001072202
TRAIN score: [ 2.9665022  -2.9769597  -0.67962825  2.4567912   1.4458445   4.398511
  2.8807287  -2.1116726 ]
Pred  score: [-0.05384919 -0.3205994   1.3289225   0.30528134  0.16410354  0.23796463
 -2.45033    -0.60092586]
GT    score: [-2.4 -2.6 -3.2 -3.  -2.4 -3.1 -0.6 -3.7]
145/282
FileName: ibaraki2017IW2_4_202001072202
TRAIN score: [ 7.105974    5.4972863   2.9665022  -2.9769597  -0.67962825  2.4567912
  1.4458445   2.8807287 ]
Pred  score: [ 0.31813574 -1.5965167   0.0295932  -0.1318877   1.2933481   0.28972104
 -0.14348334 -2.3402596 ]
GT    score: [ 0.5 -1.1 -2.4 -2.6 -3.2 -3.  -2.4 -0.6]
146/282
FileName: ibaraki2017IW2_5_202001072202
TRAIN score: [ 7.105974    5.4972863   2.9665022  -2.9769597  -0.67962825  2.4567912
  1.4458445   2.8807287 ]
Pred  score: [ 0.34935024 -1.7612392  -0.04715397 -0.26032647  1.1897688   0.43985465
  0.23921493 -1.793401  ]
GT    score: [ 0.5 -1.1 -2.4 -2.6 -3.2 -3.  -2.4 -0.6]
147/282
FileName: ibaraki2017IW2_6_202001072202
TRAIN score: [ 2.9665022  -2.9769597  -0.67962825  2.4567912   1.4458445   4.398511
  2.8807287 ]
Pred  score: [-0.15647247 -0.3540987   1.1407531   0.5101805   0.32839546  0.31582642
 -2.0966654 ]
GT    score: [-2.4 -2.6 -3.2 -3.  -2.4 -3.1 -0.6]
148/282
FileName: ibaraki2017IW2_7_202001072202
TRAIN score: [ 2.9665022 -2.9769597  1.4458445  4.398511  -2.1116726 -5.9756985]
Pred  score: [ 0.0084671  -0.14993191  0.5437233   0.7484853  -0.5619349  -0.35601938]
GT    score: [-2.4 -2.6 -2.4 -3.1 -3.7 -3.5]
149/282
FileName: ibaraki2017IW2_8_202001072202
TRAIN score: [ 7.105974    5.4972863   2.9665022  -2.9769597  -0.67962825  2.4567912
  1.4458445   2.8807287 ]
Pred  score: [ 0.17532212 -2.2413495   0.2483598   0.06544067  0.6905428   0.24000284
  0.03163096 -2.6239572 ]
GT    score: [ 0.5 -1.1 -2.4 -2.6 -3.2 -3.  -2.4 -0.6]
150/282
FileName: ibaraki2017IW2_9_202001072202
TRAIN score: [-2.9769597  4.398511  -2.1116726 -5.9756985 -8.140375 ]
Pred  score: [-0.44438672  0.2531383  -0.5160472  -0.3242715   0.10655971]
GT    score: [-2.6 -3.1 -3.7 -3.5 -3.8]
151/282
FileName: ibaraki2017IW2_10_202001072202
TRAIN score: [ 4.398511   -2.1116726  -5.9756985  -8.140375   -0.42262527]
Pred  score: [ 0.30506444 -0.35414627 -0.3611241   0.1293701  -0.14252616]
GT    score: [-3.1 -3.7 -3.5 -3.8 -6.5]
152/282
FileName: ibaraki2017IW2_11_202001072202
TRAIN score: [-2.1116726  -5.9756985  -8.140375   -0.42262527 -4.1100445  -9.175273
 -2.739745  ]
Pred  score: [ 0.16876803 -0.25663877  0.45674077 -0.48001042 -1.6031148  -0.10767131
 -1.3855366 ]
GT    score: [-3.7 -3.5 -3.8 -6.5  1.2 -3.4  0.9]
153/282
FileName: ibaraki2017IW2_12_202001072202
TRAIN score: [ -5.9756985   -8.140375    -0.42262527  -4.1100445   -9.175273
  -2.739745   -10.020517  ]
Pred  score: [-0.1014261   0.84880537 -0.47631124 -0.9446878  -0.00929248 -0.09182911
 -0.44343022]
GT    score: [-3.5 -3.8 -6.5  1.2 -3.4  0.9 -0.7]
154/282
FileName: ibaraki2017IW2_13_202001072202
TRAIN score: [ -8.140375    -0.42262527  -4.1100445   -2.739745    -1.0979921
 -10.020517  ]
Pred  score: [ 0.1257682  -0.306183   -0.59923923 -1.3708006   0.21990848 -0.6545156 ]
GT    score: [-3.8 -6.5  1.2  0.9  1.9 -0.7]
155/282
FileName: ibaraki2017IW2_14_202001072202
TRAIN score: [ -8.140375    -0.42262527  -9.175273    -2.739745   -10.020517  ]
Pred  score: [ 1.0752629  -1.4861629   0.04664985  0.03941602 -1.0967913 ]
GT    score: [-3.8 -6.5 -3.4  0.9 -0.7]
156/282
FileName: ibaraki2017IW2_15_202001072202
TRAIN score: [-1.7919583   0.72673184  2.4269283 ]
Pred  score: [-1.9574561  -1.1276206   0.28322178]
GT    score: [5.3 5.1 4.8]
157/282
FileName: ibaraki2017IW2_16_202001072202
TRAIN score: [ -8.140375    -0.42262527  -4.1100445   -9.175273    -2.739745
 -10.020517  ]
Pred  score: [ 0.38225007 -0.26207155 -0.2763544   0.46140566 -0.8983735  -0.7779106 ]
GT    score: [-3.8 -6.5  1.2 -3.4  0.9 -0.7]
158/282
FileName: ibaraki2017IW2_17_202001072202
TRAIN score: [-1.7919583   0.72673184  2.4269283 ]
Pred  score: [-2.0548825  -0.82696843  0.3469464 ]
GT    score: [5.3 5.1 4.8]
159/282
FileName: ibaraki2017IW2_18_202001072202
TRAIN score: [-1.416998  -3.1928937  1.9610181]
Pred  score: [ 0.3472425   0.3345773  -0.16203298]
GT    score: [5.3 7.5 1.8]
160/282
FileName: ibaraki2017IW2_19_202001072202
TRAIN score: [-1.416998  -3.1928937 -1.0979921  1.9610181]
Pred  score: [ 9.3608040e-01  1.5902248e-01  8.8452548e-04 -8.1144017e-01]
GT    score: [5.3 7.5 1.9 1.8]
161/282
FileName: ibaraki2017IW2_20_202001072202
TRAIN score: [-4.1100445 -3.1928937 -1.0979921  1.9610181]
Pred  score: [-0.96361697 -0.23534894  0.07668623 -1.3889021 ]
GT    score: [1.2 7.5 1.9 1.8]
162/282
FileName: ibaraki2017IW2_21_202001072202
TRAIN score: [ -0.42262527  -4.1100445   -9.175273    -2.739745   -10.020517  ]
Pred  score: [-0.41699138 -0.13115348  0.2533782   0.64304477 -0.02042316]
GT    score: [-6.5  1.2 -3.4  0.9 -0.7]
163/282
FileName: ibaraki2017IW2_22_202001072202
TRAIN score: [-1.416998  -3.1928937 -1.0979921  1.9610181]
Pred  score: [ 0.18048647 -0.76636547  0.06873216 -0.50717247]
GT    score: [5.3 7.5 1.9 1.8]
164/282
FileName: ibaraki2017IW2_23_202001072202
TRAIN score: [-1.7919583   0.72673184  2.4269283   0.05760841]
Pred  score: [-1.9352545  -2.3019717  -0.94412214  1.8497541 ]
GT    score: [5.3 5.1 4.8 4.6]
165/282
FileName: ibaraki2017IW2_24_202001072202
TRAIN score: [ 2.4269283   0.05760841 -6.938324  ]
Pred  score: [-0.09363425  1.406301   -2.0085452 ]
GT    score: [4.8 4.6 5.4]
166/282
FileName: ibaraki2017IW2_25_202001072202
TRAIN score: [ 0.05760841 -6.938324   -8.451354  ]
Pred  score: [ 1.5204057 -1.5180391 -2.9731383]
GT    score: [4.6 5.4 5.3]
167/282
FileName: ibaraki2017IW2_26_202001072202
TRAIN score: [-6.938324  -8.451354   0.5693532]
Pred  score: [-2.242131   -0.44143146  0.36825147]
GT    score: [5.4 5.3 6.7]
168/282
FileName: ibaraki2017IW2_27_202001072202
TRAIN score: [-8.451354   0.5693532  0.396782 ]
Pred  score: [-1.9766059   0.24945939  0.13077518]
GT    score: [5.3 6.7 4. ]
169/282
FileName: ibaraki2017IW2_28_202001072202
TRAIN score: [0.5693532 0.396782  3.8845086]
Pred  score: [-0.1556676   0.07389256  1.1591116 ]
GT    score: [6.7 4.  4.3]
170/282
FileName: ibaraki2017IW2_29_202001072202
TRAIN score: [ 0.396782   3.8845086 -3.4884589]
Pred  score: [0.00986678 1.4881748  0.723245  ]
GT    score: [4.  4.3 3.7]
171/282
FileName: ibaraki2017IW2_30_202001072202
TRAIN score: [ 3.8845086 -3.4884589 -5.3550706 -1.1228826]
Pred  score: [ 1.1773906  1.2474619 -1.1541866 -2.9081   ]
GT    score: [4.3 3.7 4.8 5.2]
172/282
FileName: ibaraki2017IW2_31_202001072202
TRAIN score: [-3.4884589  -5.3550706  -1.1228826  -5.9758377  -0.88536775]
Pred  score: [ 1.1223042 -1.5751246 -4.0643964  0.9516645 -2.2858899]
GT    score: [3.7 4.8 5.2 5.3 5.6]
173/282
FileName: ibaraki2017IW2_32_202001072202
TRAIN score: [-3.4884589  -5.3550706  -1.1228826  -5.9758377  -0.88536775]
Pred  score: [ 1.2303857 -0.9820211 -2.8937738  0.5667023 -2.0142984]
GT    score: [3.7 4.8 5.2 5.3 5.6]
174/282
FileName: ibaraki2017IW2_33_202001072202
TRAIN score: [-5.3550706  -1.1228826  -5.9758377  -0.88536775]
Pred  score: [-1.4078969   0.0104217   0.47383347 -3.8878694 ]
GT    score: [4.8 5.2 5.3 5.6]
175/282
FileName: ibaraki2017IW2_34_202001072202
TRAIN score: [ -7.9348392  -6.8048935  -6.3502326 -10.362764  -12.671759 ]
Pred  score: [ 1.2403144   0.09242547 -1.1020266   0.2710628   0.7589355 ]
GT    score: [-4.5 -4.4 -4.8 -5.6 -4.7]
176/282
FileName: ibaraki2017IW2_35_202001072202
TRAIN score: [ -7.9348392  -6.8048935 -10.362764   -5.1508455 -10.629168 ]
Pred  score: [ 1.5380452  1.9785103  0.8681641 -1.0645319 -7.6406727]
GT    score: [-4.5 -4.4 -5.6 -7.2 -7. ]
177/282
FileName: ibaraki2017IW2_36_202001072202
TRAIN score: [-5.3550706  -1.1228826  -5.9758377  -0.88536775  8.881849   -7.2676888
  2.2940032 ]
Pred  score: [-1.7289084  -3.8205056   0.64342034 -1.9816608   1.0675321  -4.277932
  0.86453885]
GT    score: [ 4.8  5.2  5.3  5.6  6.  -4.9 -4.5]
178/282
FileName: ibaraki2017IW2_37_202001072202
TRAIN score: [ -7.9348392  -6.3502326 -12.671759   -1.9300699]
Pred  score: [ 0.6473758  -1.4099038   0.07678062 -0.91829455]
GT    score: [-4.5 -4.8 -4.7 -4.5]
179/282
FileName: ibaraki2017IW2_38_202001072202
TRAIN score: [ -7.9348392  -6.8048935 -10.362764   -5.1508455 -10.629168 ]
Pred  score: [ 1.2729678   0.595813    0.8832075  -0.06883837 -7.372197  ]
GT    score: [-4.5 -4.4 -5.6 -7.2 -7. ]
180/282
FileName: ibaraki2017IW2_39_202001072202
TRAIN score: [ -6.8048935 -10.362764   -5.1508455 -10.629168   -5.542969 ]
Pred  score: [ 0.47339758  0.6424247  -0.0351687  -6.3532314  -0.17554274]
GT    score: [-4.4 -5.6 -7.2 -7.  -4.5]
181/282
FileName: ibaraki2017IW2_40_202001072202
TRAIN score: [-0.88536775  8.881849    2.2940032   4.2738414 ]
Pred  score: [-1.1155936   0.73466146  0.27294853  0.58698976]
GT    score: [ 5.6  6.  -4.5 -1.7]
182/282
FileName: ibaraki2017IW2_41_202001072202
TRAIN score: [ -6.8048935 -10.362764   -5.1508455 -10.629168 ]
Pred  score: [ 0.12549071  0.08507873  0.04947053 -4.4178996 ]
GT    score: [-4.4 -5.6 -7.2 -7. ]
183/282
FileName: ibaraki2017IW2_42_202001072202
TRAIN score: [ -7.9348392  -6.3502326 -12.671759   -1.9300699]
Pred  score: [ 0.60455275 -0.26769617  1.8102132  -1.0135477 ]
GT    score: [-4.5 -4.8 -4.7 -4.5]
184/282
FileName: ibaraki2017IW2_43_202001072202
TRAIN score: [-0.88536775 -7.2676888   2.2940032  -1.2422792 ]
Pred  score: [-2.6014855  -6.1111665  -0.16907378 -1.0059156 ]
GT    score: [ 5.6 -4.9 -4.5 -1.7]
185/282
FileName: ibaraki2017IW2_44_202001072202
TRAIN score: [-5.1508455 -5.542969   3.5485322]
Pred  score: [ 0.18297058  0.28695142 -0.06596925]
GT    score: [-7.2 -4.5 -3.9]
186/282
FileName: ibaraki2017IW2_45_202001072202
TRAIN score: [-0.88536775  8.881849   -7.2676888   2.2940032   4.2738414 ]
Pred  score: [-2.0061684   0.32540634 -5.172263   -1.2493417   0.723195  ]
GT    score: [ 5.6  6.  -4.9 -4.5 -1.7]
187/282
FileName: ibaraki2017IW2_46_202001072202
TRAIN score: [-2.2262168 -1.2422792]
Pred  score: [ 1.0294935 -1.4391754]
GT    score: [-2.2 -1.7]
188/282
FileName: ibaraki2017IW2_47_202001072202
TRAIN score: [-5.542969   3.5485322  4.2738414]
Pred  score: [0.51170963 0.02589566 0.42033425]
GT    score: [-4.5 -3.9 -1.7]
189/282
FileName: ibaraki2017IW2_48_202001072202
TRAIN score: [8.881849  2.2940032 3.5485322 4.2738414]
Pred  score: [0.22946495 0.22571999 0.06333812 0.59371907]
GT    score: [ 6.  -4.5 -3.9 -1.7]
190/282
FileName: ibaraki2017IW2_49_202001072202
TRAIN score: [-3.1966183   3.177597   -0.01805977]
Pred  score: [ 0.11671381  0.39381427 -0.2587744 ]
GT    score: [-8.9 -6.  -6.7]
191/282
FileName: ibaraki2017IW2_50_202001072202
TRAIN score: [ -6.3502326 -12.671759   -1.9300699  -1.2272645]
Pred  score: [-0.33444852  0.98125535 -1.2739769   0.46025726]
GT    score: [-4.8 -4.7 -4.5 -4. ]
192/282
FileName: ibaraki2017IW2_51_202001072202
TRAIN score: [-1.9300699 -1.2272645 -6.5869575]
Pred  score: [-1.7074316   0.09316204  0.22319266]
GT    score: [-4.5 -4.  -3.5]
193/282
FileName: ibaraki2017IW2_52_202001072202
TRAIN score: [-7.2676888 -2.2262168 -1.2422792]
Pred  score: [-6.293662    0.30677804 -1.335679  ]
GT    score: [-4.9 -2.2 -1.7]
194/282
FileName: ibaraki2017IW2_53_202001072202
TRAIN score: [-12.369932  -8.598181   3.177597]
Pred  score: [0.21162558 0.6727263  0.58803874]
GT    score: [-5.8 -5.7 -6. ]
195/282
FileName: ibaraki2017IW2_54_202001072202
TRAIN score: [-12.369932  -8.598181]
Pred  score: [-0.3306152 -1.2075715]
GT    score: [-5.8 -5.7]
196/282
FileName: ibaraki2017IW2_55_202001072202
TRAIN score: [ -3.1966183  -12.369932     3.177597    -0.01805977  -8.257708  ]
Pred  score: [ 0.4854683  -1.3205106   0.48490122 -0.14298806  1.6070124 ]
GT    score: [-8.9 -5.8 -6.  -6.7 -6.2]
197/282
FileName: ibaraki2017IW2_56_202001072202
TRAIN score: [-1.2272645 -6.5869575 10.575939 ]
Pred  score: [ 0.12503129  0.15103193 -2.6351428 ]
GT    score: [-4.  -3.5 -2.8]
198/282
FileName: ibaraki2017IW2_57_202001072202
TRAIN score: [ -3.1966183    3.177597    -0.01805977  -8.257708   -13.104476
  -7.876722  ]
Pred  score: [-0.03285483  0.5696662  -0.6061272  -0.241109   -0.4849855   0.3886677 ]
GT    score: [-8.9 -6.  -6.7 -6.2 -7.  -6.9]
199/282
FileName: ibaraki2017IW2_58_202001072202
TRAIN score: [  3.177597    -0.01805977  -8.257708   -13.104476    -7.876722  ]
Pred  score: [ 0.4135926  -1.251949   -0.09460868 -2.694601   -0.35236028]
GT    score: [-6.  -6.7 -6.2 -7.  -6.9]
200/282
FileName: ibaraki2017IW2_59_202001072202
TRAIN score: [-6.5869575  10.575939    0.37141082 -7.0771823   5.54274   ]
Pred  score: [ 0.17761292 -2.495119   -0.2915474   3.9800613   0.00994536]
GT    score: [ -3.5  -2.8  -3.5  -6.2 -11.1]
201/282
FileName: ibaraki2017IW2_60_202001072202
TRAIN score: [-22.074715]
Pred  score: [-5.2773643]
GT    score: [-7.5]
202/282
FileName: ibaraki2017IW2_61_202001072202
TRAIN score: [10.575939    0.37141082 -7.0771823   5.54274   ]
Pred  score: [-2.3923686  -0.26930955  4.0229816  -0.02479789]
GT    score: [ -2.8  -3.5  -6.2 -11.1]
203/282
FileName: ibaraki2017IW2_62_202001072202
TRAIN score: [13.845224]
Pred  score: [0.13346277]
GT    score: [-1.6]
204/282
FileName: ibaraki2017IW2_63_202001072202
TRAIN score: [ -0.01805977  -8.257708   -13.104476    -7.876722   -13.518165  ]
Pred  score: [-0.92172647  0.38064003 -2.8937373  -0.1019082  -0.56427926]
GT    score: [-6.7 -6.2 -7.  -6.9 -5. ]
205/282
FileName: ibaraki2017IW2_64_202001072202
TRAIN score: [ -0.01805977  -8.257708   -13.104476    -7.876722   -13.518165
 -13.898649  ]
Pred  score: [-0.30158654  2.0836892  -2.1836803   0.2153832  -0.5111142  -1.69143   ]
GT    score: [-6.7 -6.2 -7.  -6.9 -5.  -5.7]
206/282
FileName: ibaraki2017IW2_65_202001072202
TRAIN score: [10.575939    0.37141082 -7.0771823   5.54274   ]
Pred  score: [-1.428741    0.00969177 -1.1413465  -0.3676716 ]
GT    score: [ -2.8  -3.5  -6.2 -11.1]
207/282
FileName: ibaraki2017IW2_66_202001072202
TRAIN score: [10.575939    0.37141082 -7.0771823   5.54274   ]
Pred  score: [-2.0812314  -0.06383532  1.1496829  -0.39488935]
GT    score: [ -2.8  -3.5  -6.2 -11.1]
208/282
FileName: ibaraki2017IW2_67_202001072202
TRAIN score: [-13.104476   -7.876722  -13.518165  -13.898649   -6.0622783]
Pred  score: [-3.8072762   0.3334499  -0.4422471  -0.8889913  -0.22347346]
GT    score: [-7.  -6.9 -5.  -5.7 -3.5]
209/282
FileName: ibaraki2017IW2_68_202001072202
TRAIN score: [ -5.872388  -14.675385  -16.32431   -11.99171    -3.4592083]
Pred  score: [-0.14009705 -1.1259667   0.71550643  0.6187263  -0.29010516]
GT    score: [-8.3 -5.8 -5.3 -4.4 -5.9]
210/282
FileName: ibaraki2017IW2_69_202001072202
TRAIN score: [ -5.872388 -14.675385 -13.898649 -11.99171 ]
Pred  score: [ 0.0560502 -3.0975873 -1.7161703  0.5430898]
GT    score: [-8.3 -5.8 -5.7 -4.4]
211/282
FileName: ibaraki2017IW2_70_202001072202
TRAIN score: [ -7.876722  -13.518165  -14.675385  -13.898649   -6.0622783 -12.991344 ]
Pred  score: [-2.398562    0.02281776 -3.9166684  -1.3256636   0.05000705 -0.07934551]
GT    score: [-6.9 -5.  -5.8 -5.7 -3.5 -2.5]
212/282
FileName: ibaraki2017IW2_71_202001072202
TRAIN score: [4.2289076]
Pred  score: [0.9162461]
GT    score: [-1.3]
213/282
FileName: ibaraki2017IW2_72_202001072202
TRAIN score: [ -5.872388  -16.32431   -11.99171    -3.4592083 -17.326681   -9.068718
 -13.2927   ]
Pred  score: [-0.09370705  0.2893694   0.3263591  -0.3152887  -0.45728764  0.43222097
 -0.57678366]
GT    score: [-8.3 -5.3 -4.4 -5.9 -7.2 -4.3 -7.7]
214/282
FileName: ibaraki2017IW2_73_202001072202
TRAIN score: [-13.518165  -13.898649   -6.0622783 -12.991344   -9.239417 ]
Pred  score: [ 0.11512679 -2.3328347   0.09461847 -0.14024414  1.9093977 ]
GT    score: [-5.  -5.7 -3.5 -2.5 -3.2]
215/282
FileName: ibaraki2017IW2_74_202001072202
TRAIN score: [ -5.872388  -14.675385  -16.32431   -11.99171    -3.4592083  -9.068718
  -5.0399504]
Pred  score: [-0.6484008  -0.82805204  1.0949235   0.46557525 -0.02166568  1.0541158
  0.6680727 ]
GT    score: [-8.3 -5.8 -5.3 -4.4 -5.9 -4.3 -2.6]
216/282
FileName: ibaraki2017IW2_75_202001072202
TRAIN score: [ -5.872388  -16.32431   -11.99171    -3.4592083 -17.326681   -9.068718
 -13.2927     -5.0399504  -7.2271104  -6.1929827]
Pred  score: [-0.8384052   0.7626448   0.03607946 -0.58448195 -0.3321861   0.46949908
 -0.2661563   0.8944298  -4.0319166  -0.02922547]
GT    score: [-8.3 -5.3 -4.4 -5.9 -7.2 -4.3 -7.7 -2.6 -3.5 -3.2]
217/282
FileName: ibaraki2017IW2_76_202001072202
TRAIN score: [-13.898649   -6.0622783 -12.991344   -9.239417 ]
Pred  score: [-1.1646932  -0.02849637 -0.14722118  1.5685289 ]
GT    score: [-5.7 -3.5 -2.5 -3.2]
218/282
FileName: ibaraki2017IW2_77_202001072202
TRAIN score: [6.5631857 4.5149918]
Pred  score: [-2.6289263 -2.6336136]
GT    score: [-0.9 -1.5]
219/282
FileName: ibaraki2017IW2_78_202001072202
TRAIN score: [-16.32431    -3.4592083 -17.326681   -9.068718  -13.2927     -5.0399504
  -7.2271104  -6.1929827  -7.8258257  -5.671893 ]
Pred  score: [ 0.40388498 -0.5784834   0.58579504  0.3724509  -2.7735314   0.9812098
 -2.8893666  -0.2331233  -1.4490182  -0.26687753]
GT    score: [-5.3 -5.9 -7.2 -4.3 -7.7 -2.6 -3.5 -3.2 -2.  -1.8]
220/282
FileName: ibaraki2017IW2_79_202001072202
TRAIN score: [-16.32431   -11.99171    -3.4592083 -17.326681   -9.068718  -13.2927
  -5.0399504  -7.2271104  -6.1929827  -7.8258257  -5.671893 ]
Pred  score: [-0.05079811 -1.4583591  -2.1848667   2.9317904  -0.27967978 -1.8743603
  1.1515138  -3.4075012  -0.01072902 -3.7283216  -0.26521242]
GT    score: [-5.3 -4.4 -5.9 -7.2 -4.3 -7.7 -2.6 -3.5 -3.2 -2.  -1.8]
221/282
FileName: ibaraki2017IW2_80_202001072202
TRAIN score: [-16.32431    -3.4592083 -17.326681   -9.068718  -13.2927     -7.2271104
  -6.1929827  -7.8258257  -5.671893 ]
Pred  score: [-0.23140462 -2.6774929   4.1663146  -0.28546473 -2.0438094  -3.2498126
  0.23187888 -3.6088862  -0.22690469]
GT    score: [-5.3 -5.9 -7.2 -4.3 -7.7 -3.5 -3.2 -2.  -1.8]
222/282
FileName: ibaraki2017IW2_81_202001072202
TRAIN score: [ -6.0622783 -12.991344   -9.239417   -2.0576642  -4.1792912]
Pred  score: [-0.4272981  -0.36523488  2.4580383  -1.8056476   0.19899812]
GT    score: [-3.5 -2.5 -3.2 -1.9 -2.5]
223/282
FileName: ibaraki2017IW2_82_202001072202
TRAIN score: [-11.99171    -3.4592083 -17.326681   -9.068718   -5.0399504  -7.2271104
  -6.1929827  -7.8258257  -5.671893   -4.1792912  -4.8651276]
Pred  score: [-1.1364101  -0.24314326  1.5387759   0.60101676  0.9822462  -2.1454513
 -0.50434315 -1.498205   -0.18531343  0.4350016  -1.5245076 ]
GT    score: [-4.4 -5.9 -7.2 -4.3 -2.6 -3.5 -3.2 -2.  -1.8 -2.5 -1.1]
224/282
FileName: ibaraki2017IW2_83_202001072202
TRAIN score: [ -3.4592083 -17.326681   -9.068718  -13.2927     -5.0399504  -7.2271104
  -6.1929827  -7.8258257  -5.671893   -4.8651276  -8.041936 ]
Pred  score: [-0.48674002  0.5541553   0.8215216  -3.341213    0.96530443 -2.183134
 -0.61700094 -1.354719   -0.17865688  0.94080824 -0.21474294]
GT    score: [-5.9 -7.2 -4.3 -7.7 -2.6 -3.5 -3.2 -2.  -1.8 -1.1 -8.4]
225/282
FileName: ibaraki2017IW2_84_202001072202
TRAIN score: [6.634166]
Pred  score: [-3.9882975]
GT    score: [-1.8]
226/282
FileName: ibaraki2017IW2_85_202001072202
TRAIN score: [ -3.4592083 -17.326681   -9.068718  -13.2927     -5.0399504  -7.2271104
  -6.1929827  -7.8258257  -5.671893   -4.8651276  -8.041936 ]
Pred  score: [-0.25861734 -0.14634107  0.63048995 -3.3787773   0.9567891  -1.4174659
 -0.71535784 -1.2430084  -0.3076171   1.2028947  -0.05537897]
GT    score: [-5.9 -7.2 -4.3 -7.7 -2.6 -3.5 -3.2 -2.  -1.8 -1.1 -8.4]
227/282
FileName: ibaraki2017IW2_86_202001072202
TRAIN score: [-17.326681   -9.068718  -13.2927     -5.0399504  -7.2271104  -6.1929827
  -7.8258257  -5.671893   -4.8651276  -8.041936   -6.110951  -16.434748
  -6.3671017]
Pred  score: [ 0.7600813  -0.2438109  -2.890713    0.82661563 -3.2766824  -0.45082223
 -2.687589   -0.38508046  0.9304065   0.71230847  0.35866356  0.5711762
 -2.5683107 ]
GT    score: [-7.2 -4.3 -7.7 -2.6 -3.5 -3.2 -2.  -1.8 -1.1 -8.4 -1.9 -1.8 -2.5]
228/282
FileName: ibaraki2017IW2_87_202001072202
TRAIN score: [-17.326681   -9.068718  -13.2927     -5.0399504  -7.2271104  -6.1929827
  -7.8258257  -5.671893   -4.8651276  -8.041936   -6.110951  -16.434748
  -6.3671017]
Pred  score: [ 2.8054297e-01 -8.3704126e-01 -2.6685498e+00  8.7527800e-01
 -1.3130431e+00 -1.0752853e+00 -1.0992922e+00 -1.2148330e-01
 -2.5729761e-03  4.6023098e-01  3.3193934e-01 -1.6396528e-01
 -8.5748202e-01]
GT    score: [-7.2 -4.3 -7.7 -2.6 -3.5 -3.2 -2.  -1.8 -1.1 -8.4 -1.9 -1.8 -2.5]
229/282
FileName: ibaraki2017IW2_88_202001072202
TRAIN score: [6.5631857 4.5149918 8.707629 ]
Pred  score: [-0.22133556 -1.3441523  -5.1946282 ]
GT    score: [-0.9 -1.5 -1.6]
230/282
FileName: ibaraki2017IW2_89_202001072202
TRAIN score: [-9.239417  -2.0576642 -4.1792912 -6.110951 ]
Pred  score: [ 0.84184766 -1.1605903   0.41477647  0.33526617]
GT    score: [-3.2 -1.9 -2.5 -1.9]
231/282
FileName: ibaraki2017IW2_90_202001072202
TRAIN score: [-9.239417  -5.0399504 -2.0576642 -4.1792912 -6.110951 ]
Pred  score: [ 1.760188    1.0728556  -0.9200957   0.54648393  0.20872295]
GT    score: [-3.2 -2.6 -1.9 -2.5 -1.9]
232/282
FileName: ibaraki2017IW2_91_202001072202
TRAIN score: [5.7691464]
Pred  score: [0.87173975]
GT    score: [2.3]
233/282
FileName: ibaraki2017IW2_92_202001072202
TRAIN score: [ -5.0399504  -7.2271104  -6.1929827  -7.8258257  -5.671893   -4.8651276
  -8.041936  -16.434748   -6.3671017  -4.0351152]
Pred  score: [ 0.60426897 -1.0404557  -0.9491295  -1.4888282  -0.24734305  0.14346114
  0.36351818 -0.00870156 -0.6251522   0.6069138 ]
GT    score: [-2.6 -3.5 -3.2 -2.  -1.8 -1.1 -8.4 -1.8 -2.5 -1. ]
234/282
FileName: ibaraki2017IW2_93_202001072202
TRAIN score: [ -7.2271104  -6.1929827  -7.8258257  -5.671893   -4.8651276  -8.041936
 -16.434748   -6.3671017]
Pred  score: [-0.7395813  -0.71115226 -1.4626849  -0.7609459   0.8781553   0.22344828
  0.3107859  -1.838242  ]
GT    score: [-3.5 -3.2 -2.  -1.8 -1.1 -8.4 -1.8 -2.5]
235/282
FileName: ibaraki2017IW2_94_202001072202
TRAIN score: [ 4.5149918  8.707629   3.633089  16.234894   6.3346963]
Pred  score: [-1.0860537  -4.670268    0.63998926 -1.6094648   0.08179706]
GT    score: [-1.5 -1.6 -0.9  5.4  2.2]
236/282
FileName: ibaraki2017IW2_95_202001072202
TRAIN score: [-7.8258257 -5.671893  -2.0576642 -4.1792912 -6.110951  -6.3671017
 -4.0351152 -5.3485575]
Pred  score: [-1.9867253  -0.46445665 -1.1868247   0.50815827  0.1678336  -1.5419458
  1.117545   -3.3252728 ]
GT    score: [-2.  -1.8 -1.9 -2.5 -1.9 -2.5 -1.  -2.5]
237/282
FileName: ibaraki2017IW2_96_202001072202
TRAIN score: [ -7.8258257  -5.671893   -4.8651276  -8.041936  -16.434748   -6.3671017
  -5.3485575  -4.6961684]
Pred  score: [-0.85297585 -0.41970536  0.5234397   0.34735835 -0.35403025 -0.6732483
 -0.8551459  -0.00468243]
GT    score: [-2.  -1.8 -1.1 -8.4 -1.8 -2.5 -2.5 -1.6]
238/282
FileName: ibaraki2017IW2_97_202001072202
TRAIN score: [ -7.8258257  -5.671893   -4.8651276  -8.041936   -6.110951  -16.434748
  -6.3671017  -4.0351152  -5.3485575  -4.6961684  -8.376789 ]
Pred  score: [-1.0130181  -0.39376128  0.4832948   0.3501411   0.21007594 -0.34914052
 -1.1532696   1.4129815  -0.744073   -0.1712473   0.9966257 ]
GT    score: [-2.  -1.8 -1.1 -8.4 -1.9 -1.8 -2.5 -1.  -2.5 -1.6 -2.1]
239/282
FileName: ibaraki2017IW2_98_202001072202
TRAIN score: [5.7691464 3.633089  3.0061305]
Pred  score: [ 2.8673723   0.2915351  -0.43050125]
GT    score: [ 2.3 -0.9  3.5]
240/282
FileName: ibaraki2017IW2_99_202001072202
TRAIN score: [8.707629  5.7691464 3.633089  6.3346963 3.0061305]
Pred  score: [-2.0152237   0.16587773  1.0967505   0.47021887 -0.262571  ]
GT    score: [-1.6  2.3 -0.9  2.2  3.5]
241/282
FileName: ibaraki2017IW2_100_202001072202
TRAIN score: [8.939455  4.469652  4.7245955]
Pred  score: [ 0.16924912  0.3589748  -0.17324536]
GT    score: [ 1.4 -1.5  2.8]
242/282
FileName: ibaraki2017IW2_101_202001072202
TRAIN score: [ 8.707629  16.234894   6.3346963 14.651138 ]
Pred  score: [-1.1976304  -0.82074577  0.16666855  2.443818  ]
GT    score: [-1.6  5.4  2.2  3.5]
243/282
FileName: ibaraki2017IW2_102_202001072202
TRAIN score: [-4.8651276 -6.110951  -6.3671017 -4.0351152 -5.3485575 -8.376789
 -6.134906  -8.012375 ]
Pred  score: [ 2.3484976   0.13148963 -2.134072    0.5971421  -1.8495957   0.9468505
 -1.3599205   0.6340809 ]
GT    score: [-1.1 -1.9 -2.5 -1.  -2.5 -2.1 -2.6 -1.9]
244/282
FileName: ibaraki2017IW2_103_202001072202
TRAIN score: [ 8.707629   3.633089  16.234894   6.3346963  3.0061305]
Pred  score: [-1.98334     1.5021918  -1.7582111   0.5861902  -0.05715725]
GT    score: [-1.6 -0.9  5.4  2.2  3.5]
245/282
FileName: ibaraki2017IW2_104_202001072202
TRAIN score: [ -6.110951  -16.434748   -6.3671017  -4.0351152  -5.3485575  -4.6961684
  -8.376789   -6.134906   -8.012375   -6.0728517  -4.98369    -6.06723
  -6.6347404]
Pred  score: [ 0.64412856  0.3397617  -3.0719316   1.4403485  -1.0884637  -0.3861803
  0.3791613  -0.45641175  0.20369938 -0.15610625 -2.5204787   0.19909304
  0.34675303]
GT    score: [-1.9 -1.8 -2.5 -1.  -2.5 -1.6 -2.1 -2.6 -1.9  1.6 -2.6 -1.4 -0.1]
246/282
FileName: ibaraki2017IW2_105_202001072202
TRAIN score: [8.939455 4.469652 1.409714]
Pred  score: [ 0.42714933  0.15089884 -1.0696092 ]
GT    score: [ 1.4 -1.5 -1.8]
247/282
FileName: ibaraki2017IW2_106_202001072202
TRAIN score: [-2.3066201  1.409714   2.7539744]
Pred  score: [-0.16327268 -0.23987438 -2.6952808 ]
GT    score: [ 1.  -1.8  1.7]
248/282
FileName: ibaraki2017IW2_107_202001072202
TRAIN score: [16.234894 14.651138]
Pred  score: [-0.8550682  3.1891015]
GT    score: [5.4 3.5]
249/282
FileName: ibaraki2017IW2_108_202001072202
TRAIN score: [-16.434748   -6.3671017  -5.3485575  -4.6961684  -6.134906   -8.012375
  -6.0728517  -4.98369    -6.06723    -6.6347404  -4.4909782  -3.7770612
  -7.3216705]
Pred  score: [-0.37801895 -1.1485296  -0.68859774  0.01959543 -1.5609057   0.38975313
 -0.784891    0.4268962   0.2846723   0.8497867  -1.4140708   1.836516
 -0.10859229]
GT    score: [-1.8 -2.5 -2.5 -1.6 -2.6 -1.9  1.6 -2.6 -1.4 -0.1 -0.5  1.3  1.1]
250/282
FileName: ibaraki2017IW2_109_202001072202
TRAIN score: [8.939455  4.7245955]
Pred  score: [ 0.2574472 -0.5422872]
GT    score: [1.4 2.8]
251/282
FileName: ibaraki2017IW2_110_202001072202
TRAIN score: [5.7691464 3.633089  6.3346963 3.0061305]
Pred  score: [ 1.5128158   0.72526217  0.05278872 -1.2846278 ]
GT    score: [ 2.3 -0.9  2.2  3.5]
252/282
FileName: ibaraki2017IW2_111_202001072202
TRAIN score: [-6.3671017 -4.0351152 -5.3485575 -8.376789  -8.012375  -3.8227532
 -4.98369   -6.6347404 -4.4909782 -3.260846  -7.3216705]
Pred  score: [-4.075054    2.0905287  -2.3120763   0.50649744  0.1518322  -0.4306519
  0.21770725  0.06358084 -1.0834316  -0.0625667   0.43640944]
GT    score: [-2.5 -1.  -2.5 -2.1 -1.9  4.  -2.6 -0.1 -0.5  4.3  1.1]
253/282
FileName: ibaraki2017IW2_112_202001072202
TRAIN score: [ 4.469652  -2.3066201  1.409714 ]
Pred  score: [ 0.0457888  -0.19531141 -0.91263396]
GT    score: [-1.5  1.  -1.8]
254/282
FileName: ibaraki2017IW2_113_202001072202
TRAIN score: [-2.3066201  2.7539744 -5.5505195]
Pred  score: [ 0.02414424 -2.4203405  -2.5394208 ]
GT    score: [1.  1.7 1.8]
255/282
FileName: ibaraki2017IW2_114_202001072202
TRAIN score: [-4.0351152 -8.376789  -8.012375  -3.8227532 -6.6347404 -4.4909782
 -3.260846  -7.3216705 -1.5255625]
Pred  score: [ 0.46141943  0.9809497   0.7179614   0.26694414  1.017846   -1.7547283
  0.24236974 -0.12585853 -1.054028  ]
GT    score: [-1.  -2.1 -1.9  4.  -0.1 -0.5  4.3  1.1  5.1]
256/282
FileName: ibaraki2017IW2_115_202001072202
TRAIN score: [-4.0351152 -5.3485575 -4.6961684 -6.134906  -8.012375  -6.0728517
 -4.98369   -6.06723   -6.6347404 -4.4909782 -3.7770612 -7.3216705
 -3.2415526]
Pred  score: [ 0.03258073 -0.94362265 -0.47933978 -1.3899597   0.42202455 -0.6556137
  0.18564905 -0.5561541   0.3191943  -1.0485367   0.7783786   0.09610662
  1.4783835 ]
GT    score: [-1.  -2.5 -1.6 -2.6 -1.9  1.6 -2.6 -1.4 -0.1 -0.5  1.3  1.1  0.2]
257/282
FileName: ibaraki2017IW2_116_202001072202
TRAIN score: [-4.0351152 -5.3485575 -4.6961684 -8.376789  -6.134906  -8.012375
 -3.8227532 -6.0728517 -4.98369   -6.06723   -6.6347404 -4.4909782
 -3.260846  -3.7770612 -7.3216705 -3.2415526]
Pred  score: [ 0.55903345 -1.6983749  -0.16575441  0.16396968 -0.90061307  0.13296738
 -0.2461271  -1.3460888  -0.12634403  0.69374007  1.6573025  -0.06612559
  0.0821262   1.1903486   0.24254817  0.21254244]
GT    score: [-1.  -2.5 -1.6 -2.1 -2.6 -1.9  4.   1.6 -2.6 -1.4 -0.1 -0.5  4.3  1.3
  1.1  0.2]
258/282
FileName: ibaraki2017IW2_117_202001072202
TRAIN score: [ 2.7539744 -5.5505195 -6.636651 ]
Pred  score: [-1.3860097   0.48859212  1.1774831 ]
GT    score: [1.7 1.8 4.1]
259/282
FileName: ibaraki2017IW2_118_202001072202
TRAIN score: [-5.5505195 -6.636651  -3.447371  -7.834707 ]
Pred  score: [-2.8004909  0.5064185 -0.3698873 -2.0215049]
GT    score: [1.8 4.1 5.9 5.8]
260/282
FileName: ibaraki2017IW2_119_202001072202
TRAIN score: [-8.376789  -8.012375  -3.8227532 -6.6347404 -4.4909782 -3.260846
 -1.5255625]
Pred  score: [ 0.53348464  0.19850668 -0.2143857  -0.173883   -0.48249605  0.08283181
 -0.20195252]
GT    score: [-2.1 -1.9  4.  -0.1 -0.5  4.3  5.1]
261/282
FileName: ibaraki2017IW2_120_202001072202
TRAIN score: [-5.3485575 -4.6961684 -6.134906  -8.012375  -6.0728517 -4.98369
 -6.06723   -4.4909782 -3.7770612 -7.3216705 -3.2415526]
Pred  score: [-0.9810659  -0.23462257 -1.5910647   0.4904138   0.11071889  0.3504386
 -0.29908267 -0.656617    1.0614622  -0.02201998  1.264914  ]
GT    score: [-2.5 -1.6 -2.6 -1.9  1.6 -2.6 -1.4 -0.5  1.3  1.1  0.2]
262/282
FileName: ibaraki2017IW2_121_202001072202
TRAIN score: [-12.940945   -4.99853   -12.728213   -3.7684376  -4.97603    -4.550846 ]
Pred  score: [ 3.1963377   0.05378805  1.5951308  -0.06567979 -0.7192637  -0.27424526]
GT    score: [5.2 3.2 3.5 4.9 6.3 3.1]
263/282
FileName: ibaraki2017IW2_122_202001072202
TRAIN score: [ -6.636651  -3.447371 -12.728213  -7.834707]
Pred  score: [ 0.46250984 -0.63496494  1.5366007  -3.1294153 ]
GT    score: [4.1 5.9 3.5 5.8]
264/282
FileName: ibaraki2017IW2_123_202001072202
TRAIN score: [-5.3485575 -4.6961684 -8.376789  -6.134906  -8.012375  -6.0728517
 -4.98369   -6.06723   -6.6347404 -4.4909782 -3.7770612 -7.3216705
 -3.2415526]
Pred  score: [-0.9141047   0.10996917  0.1795293  -0.85240793  0.15439995 -0.6293747
  0.12143619  0.5264163   0.94906646  0.15379766  1.3529954   0.16044597
 -0.40460083]
GT    score: [-2.5 -1.6 -2.1 -2.6 -1.9  1.6 -2.6 -1.4 -0.1 -0.5  1.3  1.1  0.2]
265/282
FileName: ibaraki2017IW2_124_202001072202
TRAIN score: [-12.940945   -4.99853   -12.728213   -3.7684376  -4.550846 ]
Pred  score: [ 2.9995646  -0.06680419  2.0221877  -1.214495    0.24904978]
GT    score: [5.2 3.2 3.5 4.9 3.1]
266/282
FileName: ibaraki2017IW2_125_202001072202
TRAIN score: [-5.3485575 -4.6961684 -6.134906  -8.012375  -6.0728517 -4.98369
 -6.06723   -6.6347404 -4.4909782 -3.7770612 -7.3216705 -3.2415526
 -8.079274 ]
Pred  score: [-0.11597985  0.12023409 -0.8916125   0.16058335 -0.54406196  0.10051562
  0.5394607   0.8666423   0.13122886  1.3951414   0.14998499 -0.3701948
 -0.09953251]
GT    score: [-2.5 -1.6 -2.6 -1.9  1.6 -2.6 -1.4 -0.1 -0.5  1.3  1.1  0.2  1.3]
267/282
FileName: ibaraki2017IW2_126_202001072202
TRAIN score: [-5.3485575 -4.6961684 -8.376789  -6.134906  -8.012375  -3.8227532
 -4.98369   -6.06723   -6.6347404 -4.4909782 -3.260846  -3.7770612
 -7.3216705 -3.2415526 -8.079274 ]
Pred  score: [-3.15080941e-01 -6.23150505e-02  5.46154857e-01 -9.71655428e-01
  2.01657921e-01 -9.07650828e-01  3.05388242e-01  7.86727428e-01
  1.79138386e+00  1.27588689e-01 -1.10803366e-01  1.07804430e+00
  1.63662344e-01 -5.70524752e-01 -1.42216310e-03]
GT    score: [-2.5 -1.6 -2.1 -2.6 -1.9  4.  -2.6 -1.4 -0.1 -0.5  4.3  1.3  1.1  0.2
  1.3]
268/282
FileName: ibaraki2017IW2_127_202001072202
TRAIN score: [-12.940945  -3.447371  -4.99853  -12.728213  -7.834707  -4.550846]
Pred  score: [ 2.9856212  -1.2922901  -0.07317332  1.9335907  -1.5129607   0.33176178]
GT    score: [5.2 5.9 3.2 3.5 5.8 3.1]
269/282
FileName: ibaraki2017IW2_128_202001072202
TRAIN score: [-4.6961684 -8.376789  -6.134906  -8.012375  -3.8227532 -6.0728517
 -4.98369   -6.06723   -6.6347404 -4.4909782 -3.260846  -3.7770612
 -7.3216705 -3.2415526 -8.079274 ]
Pred  score: [-0.27743053  0.49943945 -0.5731946   0.25155324  0.23087204  0.03768321
  0.589218   -0.04694746  0.9030127  -1.3391525  -0.46436533  1.8879108
 -0.09791831 -0.11485612 -0.4652842 ]
GT    score: [-1.6 -2.1 -2.6 -1.9  4.   1.6 -2.6 -1.4 -0.1 -0.5  4.3  1.3  1.1  0.2
  1.3]
270/282
FileName: ibaraki2017IW2_129_202001072202
TRAIN score: [-12.940945   -4.99853    -3.7684376  -4.97603    -4.550846   -5.6385727]
Pred  score: [ 1.4858598   0.12609795  0.05951146 -0.70594    -0.3437101   0.54941815]
GT    score: [5.2 3.2 4.9 6.3 3.1 6.5]
271/282
FileName: ibaraki2017IW2_130_202001072202
TRAIN score: [ -6.636651  -3.447371 -12.728213  -7.834707]
Pred  score: [ 0.34240693 -0.22500607  1.5764948  -1.8920425 ]
GT    score: [4.1 5.9 3.5 5.8]
272/282
FileName: ibaraki2017IW2_131_202001072202
TRAIN score: [-8.376789  -8.012375  -3.8227532 -6.6347404 -4.4909782 -3.260846
 -1.5255625]
Pred  score: [ 0.48990563  0.12374511 -0.583759   -0.19518301  0.06914803 -0.41686493
 -0.7384866 ]
GT    score: [-2.1 -1.9  4.  -0.1 -0.5  4.3  5.1]
273/282
FileName: ibaraki2017IW2_132_202001072202
TRAIN score: [-4.6961684 -6.134906  -8.012375  -6.0728517 -4.98369   -6.06723
 -6.6347404 -4.4909782 -3.7770612 -7.3216705 -3.2415526 -8.079274 ]
Pred  score: [-0.1145763  -1.5474098   0.129729    0.2041744  -1.0291544   0.4163208
 -0.23246941 -0.23236379  1.2924943   0.1819791  -0.3626592  -0.11562798]
GT    score: [-1.6 -2.6 -1.9  1.6 -2.6 -1.4 -0.1 -0.5  1.3  1.1  0.2  1.3]
274/282
FileName: ibaraki2017IW2_133_202001072202
TRAIN score: [-12.940945   -3.7684376  -4.97603    -3.7210555  -5.6385727]
Pred  score: [ 0.8844663  -2.3945198  -1.1120878   0.11142114  0.10152738]
GT    score: [5.2 4.9 6.3 5.5 6.5]
275/282
FileName: ibaraki2017IW2_134_202001072202
TRAIN score: [-12.940945   -4.99853   -12.728213   -3.7684376  -4.550846 ]
Pred  score: [ 2.8372183   0.05372335  1.5607276   0.11564325 -0.16063657]
GT    score: [5.2 3.2 3.5 4.9 3.1]
276/282
FileName: ibaraki2017IW2_135_202001072202
TRAIN score: [-4.6961684 -8.376789  -6.134906  -8.012375  -6.0728517 -4.98369
 -6.06723   -6.6347404 -4.4909782 -3.7770612 -7.3216705 -3.2415526
 -8.079274 ]
Pred  score: [-0.3125574   0.6089447  -1.1938742   0.8562783  -0.8177513   0.48536578
 -0.25357425  0.15938333 -0.40213874  1.0271459  -0.05354877  0.5218146
 -0.05682367]
GT    score: [-1.6 -2.1 -2.6 -1.9  1.6 -2.6 -1.4 -0.1 -0.5  1.3  1.1  0.2  1.3]
277/282
FileName: ibaraki2017IW2_136_202001072202
TRAIN score: [-4.97603   -3.7210555 -1.5255625 -5.6385727]
Pred  score: [-0.88456875  0.2691541  -0.71791744  0.00539697]
GT    score: [6.3 5.5 5.1 6.5]
278/282
FileName: ibaraki2017IW2_137_202001072202
TRAIN score: [-3.8227532 -3.260846  -3.7210555 -1.5255625 -5.6385727]
Pred  score: [-0.8176724   0.41717717  0.00379472 -0.3956646  -0.09004056]
GT    score: [4.  4.3 5.5 5.1 6.5]
279/282
FileName: ibaraki2017IW2_138_202001072202
TRAIN score: [-3.7684376 -4.97603   -3.7210555 -1.5255625 -5.6385727]
Pred  score: [-2.9769526  -0.99759716  0.03309013 -0.55053     0.19474265]
GT    score: [4.9 6.3 5.5 5.1 6.5]
280/282
FileName: ibaraki2017IW2_139_202001072202
TRAIN score: [-6.134906  -8.012375  -6.0728517 -4.98369   -6.06723   -6.6347404
 -4.4909782 -3.7770612 -7.3216705 -3.2415526 -8.079274 ]
Pred  score: [-0.49115285  0.308547    1.0997461   0.7836692   0.41974905  0.8086766
 -1.0180625   1.7409579  -0.17521988 -0.5116025  -0.43474224]
GT    score: [-2.6 -1.9  1.6 -2.6 -1.4 -0.1 -0.5  1.3  1.1  0.2  1.3]
281/282
FileName: ibaraki2017IW2_140_202001072202
TRAIN score: [-6.06723   -6.6347404 -4.4909782 -3.7770612 -7.3216705 -3.2415526
 -8.079274 ]
Pred  score: [-0.7964562  -0.2782646  -0.56307846  2.0310419  -0.01954642 -0.5516063
 -0.8032745 ]
GT    score: [-1.4 -0.1 -0.5  1.3  1.1  0.2  1.3]
282/282
TRAIN Variance score -0.1543194704444696
Pred  Variance score -65.06635342908244
TRAIN MAE 9.233731418213946
Pred  MAE 4.812761093919159
TRAIN MSE 153.59448860527564
Pred  MSE 34.79426690471748
TRAIN RMSE 10.276840064965242
Pred  RMSE 5.207609386731547
